2013-02-04 17:36:25 o.m.log [INFO] Logging to Logger[org.mortbay.log] via org.mortbay.log.Slf4jLog
2013-02-04 17:36:25 o.m.log [INFO] jetty-6.1.26
2013-02-04 17:36:25 o.m.log [INFO] Started SocketConnector@0.0.0.0:8080
2013-02-04 17:37:00 b.s.thrift [INFO] Connecting to Nimbus at localhost:6627
2013-02-04 17:37:23 b.s.thrift [INFO] Connecting to Nimbus at localhost:6627
2013-02-04 17:37:28 b.s.thrift [INFO] Connecting to Nimbus at localhost:6627
2013-02-04 17:37:34 b.s.thrift [INFO] Connecting to Nimbus at localhost:6627
2013-02-04 17:40:54 b.s.thrift [INFO] Connecting to Nimbus at localhost:6627
2013-02-04 17:40:57 b.s.thrift [INFO] Connecting to Nimbus at localhost:6627
2013-02-04 17:53:58 o.m.log [INFO] Logging to Logger[org.mortbay.log] via org.mortbay.log.Slf4jLog
2013-02-04 17:53:58 o.m.log [INFO] jetty-6.1.26
2013-02-04 17:53:58 o.m.log [INFO] Started SocketConnector@0.0.0.0:8080
2013-02-04 17:54:36 b.s.thrift [INFO] Connecting to Nimbus at localhost:6627
2013-02-04 18:01:20 b.s.thrift [INFO] Connecting to Nimbus at localhost:6627
2013-02-04 18:01:26 b.s.thrift [INFO] Connecting to Nimbus at localhost:6627
2013-02-05 06:25:20 o.m.log [INFO] Logging to Logger[org.mortbay.log] via org.mortbay.log.Slf4jLog
2013-02-05 06:25:20 o.m.log [INFO] jetty-6.1.26
2013-02-05 06:25:20 o.m.log [INFO] Started SocketConnector@0.0.0.0:8080
2013-02-05 06:25:27 b.s.thrift [INFO] Connecting to Nimbus at localhost:6627
2013-02-05 06:25:46 b.s.thrift [INFO] Connecting to Nimbus at localhost:6627
2013-02-05 06:25:51 b.s.thrift [INFO] Connecting to Nimbus at localhost:6627
2013-02-05 06:37:24 b.s.thrift [INFO] Connecting to Nimbus at localhost:6627
2013-02-05 06:37:33 b.s.thrift [INFO] Connecting to Nimbus at localhost:6627
2013-02-05 07:20:53 b.s.thrift [INFO] Connecting to Nimbus at localhost:6627
2013-02-05 07:20:55 b.s.thrift [INFO] Connecting to Nimbus at localhost:6627
2013-02-05 07:24:36 b.s.thrift [INFO] Connecting to Nimbus at localhost:6627
2013-02-05 07:24:38 b.s.thrift [INFO] Connecting to Nimbus at localhost:6627
2013-02-05 07:24:42 b.s.thrift [INFO] Connecting to Nimbus at localhost:6627
2013-02-05 07:24:59 b.s.thrift [INFO] Connecting to Nimbus at localhost:6627
2013-02-05 07:25:02 b.s.thrift [INFO] Connecting to Nimbus at localhost:6627
2013-02-05 07:25:28 b.s.thrift [INFO] Connecting to Nimbus at localhost:6627
2013-02-05 07:28:52 b.s.thrift [INFO] Connecting to Nimbus at localhost:6627
2013-02-05 07:28:56 b.s.thrift [INFO] Connecting to Nimbus at localhost:6627
2013-02-05 03:27:54 o.m.log [INFO] Logging to Logger[org.mortbay.log] via org.mortbay.log.Slf4jLog
2013-02-05 03:27:54 o.m.log [INFO] jetty-6.1.26
2013-02-05 03:27:54 o.m.log [INFO] Started SocketConnector@0.0.0.0:8080
2013-02-05 03:28:11 b.s.thrift [INFO] Connecting to Nimbus at localhost:6627
2013-02-05 03:28:51 b.s.thrift [INFO] Connecting to Nimbus at localhost:6627
2013-02-05 03:29:56 b.s.thrift [INFO] Connecting to Nimbus at localhost:6627
2013-02-05 03:30:17 b.s.thrift [INFO] Connecting to Nimbus at localhost:6627
2013-02-05 03:30:18 b.s.u.core [INFO] Killing topology 'TestStorm' with wait time: 30 secs
2013-02-05 03:30:18 b.s.thrift [INFO] Connecting to Nimbus at localhost:6627
2013-02-05 03:30:18 b.s.thrift [INFO] Connecting to Nimbus at localhost:6627
2013-02-05 11:46:20 b.s.thrift [INFO] Connecting to Nimbus at localhost:6627
2013-02-05 11:46:21 b.s.thrift [INFO] Connecting to Nimbus at localhost:6627
2013-02-05 11:46:35 b.s.thrift [INFO] Connecting to Nimbus at localhost:6627
2013-02-05 11:46:41 b.s.thrift [INFO] Connecting to Nimbus at localhost:6627
2013-02-05 11:47:00 b.s.thrift [INFO] Connecting to Nimbus at localhost:6627
2013-02-05 11:47:02 b.s.thrift [INFO] Connecting to Nimbus at localhost:6627
2013-02-05 11:48:52 b.s.thrift [INFO] Connecting to Nimbus at localhost:6627
2013-02-05 12:12:34 b.s.thrift [INFO] Connecting to Nimbus at localhost:6627
2013-02-05 12:12:38 b.s.thrift [INFO] Connecting to Nimbus at localhost:6627
2013-02-05 12:13:20 b.s.thrift [INFO] Connecting to Nimbus at localhost:6627
2013-02-05 12:13:25 b.s.thrift [INFO] Connecting to Nimbus at localhost:6627
2013-02-05 12:13:40 b.s.thrift [INFO] Connecting to Nimbus at localhost:6627
2013-02-05 12:15:56 b.s.thrift [INFO] Connecting to Nimbus at localhost:6627
2013-02-05 12:16:11 b.s.thrift [INFO] Connecting to Nimbus at localhost:6627
2013-02-05 12:16:14 b.s.thrift [INFO] Connecting to Nimbus at localhost:6627
2013-02-05 12:16:14 b.s.u.core [INFO] Rebalancing topology 'TestStorm1' with wait time: 30 secs
2013-02-05 12:16:14 b.s.thrift [INFO] Connecting to Nimbus at localhost:6627
2013-02-05 12:16:14 b.s.thrift [INFO] Connecting to Nimbus at localhost:6627
2013-02-05 12:17:27 b.s.thrift [INFO] Connecting to Nimbus at localhost:6627
2013-02-05 12:18:37 b.s.thrift [INFO] Connecting to Nimbus at localhost:6627
2013-02-05 12:18:37 b.s.u.core [INFO] Killing topology 'TestStorm1' with wait time: 0 secs
2013-02-05 12:18:37 b.s.thrift [INFO] Connecting to Nimbus at localhost:6627
2013-02-05 12:18:37 b.s.thrift [INFO] Connecting to Nimbus at localhost:6627
2013-02-05 12:18:48 b.s.thrift [INFO] Connecting to Nimbus at localhost:6627
2013-02-05 12:19:03 b.s.thrift [INFO] Connecting to Nimbus at localhost:6627
2013-02-05 12:19:09 b.s.thrift [INFO] Connecting to Nimbus at localhost:6627
2013-02-05 12:20:20 b.s.thrift [INFO] Connecting to Nimbus at localhost:6627
2013-02-05 12:20:20 b.s.u.core [INFO] Killing topology 'TestStorm1' with wait time: 0 secs
2013-02-05 12:20:20 b.s.thrift [INFO] Connecting to Nimbus at localhost:6627
2013-02-05 12:20:20 b.s.thrift [INFO] Connecting to Nimbus at localhost:6627
2013-02-05 12:21:09 b.s.thrift [INFO] Connecting to Nimbus at localhost:6627
2013-02-05 12:21:18 b.s.thrift [INFO] Connecting to Nimbus at localhost:6627
2013-02-05 12:21:28 b.s.thrift [INFO] Connecting to Nimbus at localhost:6627
2013-02-05 12:21:28 b.s.u.core [INFO] Deactivating topology 'TestStorm1'
2013-02-05 12:21:28 b.s.thrift [INFO] Connecting to Nimbus at localhost:6627
2013-02-05 12:21:28 b.s.thrift [INFO] Connecting to Nimbus at localhost:6627
2013-02-05 12:39:27 b.s.thrift [INFO] Connecting to Nimbus at localhost:6627
2013-02-05 12:39:53 b.s.thrift [INFO] Connecting to Nimbus at localhost:6627
2013-02-05 12:39:57 b.s.thrift [INFO] Connecting to Nimbus at localhost:6627
2013-02-05 12:59:49 b.s.thrift [INFO] Connecting to Nimbus at localhost:6627
2013-02-05 12:59:49 b.s.u.core [INFO] Killing topology 'TestStorm1' with wait time: 0 secs
2013-02-05 12:59:49 b.s.thrift [INFO] Connecting to Nimbus at localhost:6627
2013-02-05 12:59:50 b.s.thrift [INFO] Connecting to Nimbus at localhost:6627
2013-02-05 13:00:00 b.s.thrift [INFO] Connecting to Nimbus at localhost:6627
2013-02-05 13:00:10 b.s.thrift [INFO] Connecting to Nimbus at localhost:6627
2013-02-05 13:00:25 b.s.thrift [INFO] Connecting to Nimbus at localhost:6627
2013-02-05 13:00:36 b.s.thrift [INFO] Connecting to Nimbus at localhost:6627
2013-02-05 13:00:48 b.s.thrift [INFO] Connecting to Nimbus at localhost:6627
2013-02-05 13:00:54 b.s.thrift [INFO] Connecting to Nimbus at localhost:6627
2013-02-05 13:00:58 b.s.thrift [INFO] Connecting to Nimbus at localhost:6627
2013-02-05 13:01:07 b.s.thrift [INFO] Connecting to Nimbus at localhost:6627
2013-02-05 13:08:59 b.s.thrift [INFO] Connecting to Nimbus at localhost:6627
2013-02-05 13:11:36 b.s.thrift [INFO] Connecting to Nimbus at localhost:6627
2013-02-05 13:20:54 b.s.thrift [INFO] Connecting to Nimbus at localhost:6627
2013-02-05 13:20:56 b.s.thrift [INFO] Connecting to Nimbus at localhost:6627
2013-02-05 13:21:00 b.s.thrift [INFO] Connecting to Nimbus at localhost:6627
2013-02-05 13:21:01 b.s.u.core [INFO] Killing topology 'TestStorm1' with wait time: 0 secs
2013-02-05 13:21:01 b.s.thrift [INFO] Connecting to Nimbus at localhost:6627
2013-02-05 13:21:01 b.s.thrift [INFO] Connecting to Nimbus at localhost:6627
2013-02-05 13:22:00 b.s.thrift [INFO] Connecting to Nimbus at localhost:6627
2013-02-05 13:35:15 b.s.thrift [INFO] Connecting to Nimbus at localhost:6627
2013-02-05 13:35:38 b.s.thrift [INFO] Connecting to Nimbus at localhost:6627
2013-02-05 14:05:48 b.s.thrift [INFO] Connecting to Nimbus at localhost:6627
2013-02-05 14:05:49 b.s.thrift [INFO] Connecting to Nimbus at localhost:6627
2013-02-05 14:06:53 b.s.thrift [INFO] Connecting to Nimbus at localhost:6627
2013-02-05 14:07:06 b.s.thrift [INFO] Connecting to Nimbus at localhost:6627
2013-02-05 14:07:08 b.s.thrift [INFO] Connecting to Nimbus at localhost:6627
2013-02-05 14:07:19 b.s.thrift [INFO] Connecting to Nimbus at localhost:6627
2013-02-05 14:07:19 b.s.u.core [INFO] Rebalancing topology 'TestStorm1' with wait time: 3 secs
2013-02-05 14:07:19 b.s.thrift [INFO] Connecting to Nimbus at localhost:6627
2013-02-05 14:07:19 b.s.thrift [INFO] Connecting to Nimbus at localhost:6627
2013-02-05 14:07:47 b.s.thrift [INFO] Connecting to Nimbus at localhost:6627
2013-02-05 14:14:46 b.s.thrift [INFO] Connecting to Nimbus at localhost:6627
2013-02-05 14:14:46 b.s.u.core [INFO] Killing topology 'TestStorm1' with wait time: 0 secs
2013-02-05 14:14:46 b.s.thrift [INFO] Connecting to Nimbus at localhost:6627
2013-02-05 14:14:46 b.s.thrift [INFO] Connecting to Nimbus at localhost:6627
2013-02-05 15:08:26 b.s.thrift [INFO] Connecting to Nimbus at localhost:6627
2013-02-05 15:10:21 b.s.thrift [INFO] Connecting to Nimbus at localhost:6627
2013-02-05 21:01:45 o.m.log [INFO] Logging to Logger[org.mortbay.log] via org.mortbay.log.Slf4jLog
2013-02-05 21:01:45 o.m.log [INFO] jetty-6.1.26
2013-02-05 21:01:45 o.m.log [WARN] failed SocketConnector@0.0.0.0:8080: java.net.BindException: Address already in use
2013-02-05 21:01:45 o.m.log [WARN] failed Server@2a4bd173: java.net.BindException: Address already in use
