#
# A fatal error has been detected by the Java Runtime Environment:
#
#  Internal Error (exceptions.cpp:397), pid=17702, tid=140051935475456
#  fatal error: ExceptionMark destructor expects no pending exceptions
#
# JRE version: 6.0_38-b05
# Java VM: Java HotSpot(TM) 64-Bit Server VM (20.13-b02 mixed mode linux-amd64 compressed oops)
# If you would like to submit a bug report, please visit:
#   http://java.sun.com/webapps/bugreport/crash.jsp
#

---------------  T H R E A D  ---------------

Current thread (0x00007f605c006800):  JavaThread "main" [_thread_in_vm, id=17703, stack(0x00007f6061cd3000,0x00007f6061dd4000)]

Stack: [0x00007f6061cd3000,0x00007f6061dd4000],  sp=0x00007f6061dd0be0,  free space=1014k
Native frames: (J=compiled Java code, j=interpreted, Vv=VM code, C=native code)
V  [libjvm.so+0x861d75]  VMError::report_and_die()+0x265
V  [libjvm.so+0x3e5d0d]  report_fatal(char const*, int, char const*)+0x4d
V  [libjvm.so+0x4381f1]  ExceptionMark::~ExceptionMark()+0x71
V  [libjvm.so+0x374538]  ClassLoader::create_class_path_entry(char*, stat, ClassPathEntry**, bool)+0x2b8
V  [libjvm.so+0x373ba2]  LazyClassPathEntry::resolve_entry()+0x62
V  [libjvm.so+0x373c26]  LazyClassPathEntry::open_stream(char const*)+0x36
V  [libjvm.so+0x3755f1]  ClassLoader::load_classfile(symbolHandle, Thread*)+0x1a1
V  [libjvm.so+0x7eeb6f]  SystemDictionary::load_instance_class(symbolHandle, Handle, Thread*)+0xef
V  [libjvm.so+0x7ecb55]  SystemDictionary::resolve_instance_class_or_null(symbolHandle, Handle, Handle, Thread*)+0x575
V  [libjvm.so+0x7eb8e1]  SystemDictionary::resolve_or_null(symbolHandle, Handle, Handle, Thread*)+0x81
V  [libjvm.so+0x7eb910]  SystemDictionary::resolve_or_null(symbolHandle, Thread*)+0x10
V  [libjvm.so+0x54fcfb]  JVM_FindClassFromBootLoader+0x1fb

Java frames: (J=compiled Java code, j=interpreted, Vv=VM code)
j  java.lang.ClassLoader.findBootstrapClass(Ljava/lang/String;)Ljava/lang/Class;+0
j  java.lang.ClassLoader.findBootstrapClassOrNull(Ljava/lang/String;)Ljava/lang/Class;+12
j  java.lang.ClassLoader.loadClass(Ljava/lang/String;Z)Ljava/lang/Class;+32
j  java.lang.ClassLoader.loadClass(Ljava/lang/String;Z)Ljava/lang/Class;+23
j  sun.misc.Launcher$AppClassLoader.loadClass(Ljava/lang/String;Z)Ljava/lang/Class;+41
j  java.lang.ClassLoader.loadClass(Ljava/lang/String;)Ljava/lang/Class;+3
v  ~StubRoutines::call_stub

---------------  P R O C E S S  ---------------

Java Threads: ( => current thread )
  0x00007f605c093000 JavaThread "Low Memory Detector" daemon [_thread_blocked, id=17715, stack(0x00007f6055bfc000,0x00007f6055cfd000)]
  0x00007f605c090800 JavaThread "C1 CompilerThread2" daemon [_thread_blocked, id=17714, stack(0x00007f6055cfd000,0x00007f6055dfe000)]
  0x00007f605c08e800 JavaThread "C2 CompilerThread1" daemon [_thread_blocked, id=17713, stack(0x00007f6055dfe000,0x00007f6055eff000)]
  0x00007f605c08c000 JavaThread "C2 CompilerThread0" daemon [_thread_blocked, id=17712, stack(0x00007f6055eff000,0x00007f6056000000)]
  0x00007f605c089800 JavaThread "Signal Dispatcher" daemon [_thread_blocked, id=17711, stack(0x00007f6060050000,0x00007f6060151000)]
  0x00007f605c06d000 JavaThread "Finalizer" daemon [_thread_blocked, id=17710, stack(0x00007f6060151000,0x00007f6060252000)]
  0x00007f605c06b000 JavaThread "Reference Handler" daemon [_thread_blocked, id=17709, stack(0x00007f6060252000,0x00007f6060353000)]
=>0x00007f605c006800 JavaThread "main" [_thread_in_vm, id=17703, stack(0x00007f6061cd3000,0x00007f6061dd4000)]

Other Threads:
  0x00007f605c064800 VMThread [stack: 0x00007f6060353000,0x00007f6060454000] [id=17708]
  0x00007f605c0a6000 WatcherThread [stack: 0x00007f6055afb000,0x00007f6055bfc000] [id=17716]

VM state:not at safepoint (normal execution)

VM Mutex/Monitor currently owned by a thread: None

Heap
 PSYoungGen      total 35840K, used 615K [0x00000000d80b0000, 0x00000000da8a0000, 0x0000000100000000)
  eden space 30784K, 2% used [0x00000000d80b0000,0x00000000d8149ec8,0x00000000d9ec0000)
  from space 5056K, 0% used [0x00000000da3b0000,0x00000000da3b0000,0x00000000da8a0000)
  to   space 5056K, 0% used [0x00000000d9ec0000,0x00000000d9ec0000,0x00000000da3b0000)
 PSOldGen        total 81856K, used 0K [0x0000000088200000, 0x000000008d1f0000, 0x00000000d80b0000)
  object space 81856K, 0% used [0x0000000088200000,0x0000000088200000,0x000000008d1f0000)
 PSPermGen       total 21248K, used 2322K [0x0000000083000000, 0x00000000844c0000, 0x0000000088200000)
  object space 21248K, 10% used [0x0000000083000000,0x0000000083244bc8,0x00000000844c0000)

Code Cache  [0x00007f6056000000, 0x00007f6056270000, 0x00007f605c000000)
 total_blobs=184 nmethods=2 adapters=118 free_code_cache=99974144 largest_free_block=0

Dynamic libraries:
40000000-40009000 r-xp 00000000 fd:02 525905                             /home/dc/jdk1.6.0_38/bin/java
40108000-4010a000 rwxp 00008000 fd:02 525905                             /home/dc/jdk1.6.0_38/bin/java
4025e000-4027f000 rwxp 00000000 00:00 0                                  [heap]
83000000-844c0000 rwxp 00000000 00:00 0 
844c0000-88200000 rwxp 00000000 00:00 0 
88200000-8d1f0000 rwxp 00000000 00:00 0 
8d1f0000-d80b0000 rwxp 00000000 00:00 0 
d80b0000-da8a0000 rwxp 00000000 00:00 0 
da8a0000-100000000 rwxp 00000000 00:00 0 
3e1aa00000-3e1aa20000 r-xp 00000000 fd:00 32050                          /lib64/ld-2.12.so
3e1ac1f000-3e1ac20000 r-xp 0001f000 fd:00 32050                          /lib64/ld-2.12.so
3e1ac20000-3e1ac21000 rwxp 00020000 fd:00 32050                          /lib64/ld-2.12.so
3e1ac21000-3e1ac22000 rwxp 00000000 00:00 0 
3e1ae00000-3e1af89000 r-xp 00000000 fd:00 32063                          /lib64/libc-2.12.so
3e1af89000-3e1b189000 ---p 00189000 fd:00 32063                          /lib64/libc-2.12.so
3e1b189000-3e1b18d000 r-xp 00189000 fd:00 32063                          /lib64/libc-2.12.so
3e1b18d000-3e1b18e000 rwxp 0018d000 fd:00 32063                          /lib64/libc-2.12.so
3e1b18e000-3e1b193000 rwxp 00000000 00:00 0 
3e1b200000-3e1b202000 r-xp 00000000 fd:00 33777                          /lib64/libdl-2.12.so
3e1b202000-3e1b402000 ---p 00002000 fd:00 33777                          /lib64/libdl-2.12.so
3e1b402000-3e1b403000 r-xp 00002000 fd:00 33777                          /lib64/libdl-2.12.so
3e1b403000-3e1b404000 rwxp 00003000 fd:00 33777                          /lib64/libdl-2.12.so
3e1b600000-3e1b617000 r-xp 00000000 fd:00 78300                          /lib64/libpthread-2.12.so
3e1b617000-3e1b817000 ---p 00017000 fd:00 78300                          /lib64/libpthread-2.12.so
3e1b817000-3e1b818000 r-xp 00017000 fd:00 78300                          /lib64/libpthread-2.12.so
3e1b818000-3e1b819000 rwxp 00018000 fd:00 78300                          /lib64/libpthread-2.12.so
3e1b819000-3e1b81d000 rwxp 00000000 00:00 0 
3e1ba00000-3e1ba83000 r-xp 00000000 fd:00 32104                          /lib64/libm-2.12.so
3e1ba83000-3e1bc82000 ---p 00083000 fd:00 32104                          /lib64/libm-2.12.so
3e1bc82000-3e1bc83000 r-xp 00082000 fd:00 32104                          /lib64/libm-2.12.so
3e1bc83000-3e1bc84000 rwxp 00083000 fd:00 32104                          /lib64/libm-2.12.so
3e1be00000-3e1be07000 r-xp 00000000 fd:00 78301                          /lib64/librt-2.12.so
3e1be07000-3e1c006000 ---p 00007000 fd:00 78301                          /lib64/librt-2.12.so
3e1c006000-3e1c007000 r-xp 00006000 fd:00 78301                          /lib64/librt-2.12.so
3e1c007000-3e1c008000 rwxp 00007000 fd:00 78301                          /lib64/librt-2.12.so
3e2de00000-3e2de16000 r-xp 00000000 fd:00 78811                          /lib64/libnsl-2.12.so
3e2de16000-3e2e015000 ---p 00016000 fd:00 78811                          /lib64/libnsl-2.12.so
3e2e015000-3e2e016000 r-xp 00015000 fd:00 78811                          /lib64/libnsl-2.12.so
3e2e016000-3e2e017000 rwxp 00016000 fd:00 78811                          /lib64/libnsl-2.12.so
3e2e017000-3e2e019000 rwxp 00000000 00:00 0 
7f6014000000-7f6014021000 rwxp 00000000 00:00 0 
7f6014021000-7f6018000000 ---p 00000000 00:00 0 
7f601c000000-7f601c021000 rwxp 00000000 00:00 0 
7f601c021000-7f6020000000 ---p 00000000 00:00 0 
7f6020000000-7f6020021000 rwxp 00000000 00:00 0 
7f6020021000-7f6024000000 ---p 00000000 00:00 0 
7f6024000000-7f6024021000 rwxp 00000000 00:00 0 
7f6024021000-7f6028000000 ---p 00000000 00:00 0 
7f6028000000-7f6028021000 rwxp 00000000 00:00 0 
7f6028021000-7f602c000000 ---p 00000000 00:00 0 
7f602c000000-7f602c021000 rwxp 00000000 00:00 0 
7f602c021000-7f6030000000 ---p 00000000 00:00 0 
7f603216f000-7f6038000000 r-xp 00000000 fd:00 78437                      /usr/lib/locale/locale-archive
7f6038000000-7f6038021000 rwxp 00000000 00:00 0 
7f6038021000-7f603c000000 ---p 00000000 00:00 0 
7f603c000000-7f603c021000 rwxp 00000000 00:00 0 
7f603c021000-7f6040000000 ---p 00000000 00:00 0 
7f6040000000-7f6040021000 rwxp 00000000 00:00 0 
7f6040021000-7f6044000000 ---p 00000000 00:00 0 
7f6044000000-7f6044021000 rwxp 00000000 00:00 0 
7f6044021000-7f6048000000 ---p 00000000 00:00 0 
7f6048000000-7f6048021000 rwxp 00000000 00:00 0 
7f6048021000-7f604c000000 ---p 00000000 00:00 0 
7f604c000000-7f604c021000 rwxp 00000000 00:00 0 
7f604c021000-7f6050000000 ---p 00000000 00:00 0 
7f6050000000-7f6050021000 rwxp 00000000 00:00 0 
7f6050021000-7f6054000000 ---p 00000000 00:00 0 
7f6055afb000-7f6055afc000 ---p 00000000 00:00 0 
7f6055afc000-7f6055bfc000 rwxp 00000000 00:00 0 
7f6055bfc000-7f6055bff000 ---p 00000000 00:00 0 
7f6055bff000-7f6055cfd000 rwxp 00000000 00:00 0 
7f6055cfd000-7f6055d00000 ---p 00000000 00:00 0 
7f6055d00000-7f6055dfe000 rwxp 00000000 00:00 0 
7f6055dfe000-7f6055e01000 ---p 00000000 00:00 0 
7f6055e01000-7f6055eff000 rwxp 00000000 00:00 0 
7f6055eff000-7f6055f02000 ---p 00000000 00:00 0 
7f6055f02000-7f6056270000 rwxp 00000000 00:00 0 
7f6056270000-7f605c0c4000 rwxp 00000000 00:00 0 
7f605c0c4000-7f6060000000 ---p 00000000 00:00 0 
7f6060050000-7f6060053000 ---p 00000000 00:00 0 
7f6060053000-7f6060151000 rwxp 00000000 00:00 0 
7f6060151000-7f6060154000 ---p 00000000 00:00 0 
7f6060154000-7f6060252000 rwxp 00000000 00:00 0 
7f6060252000-7f6060255000 ---p 00000000 00:00 0 
7f6060255000-7f6060353000 rwxp 00000000 00:00 0 
7f6060353000-7f6060354000 ---p 00000000 00:00 0 
7f6060354000-7f606098d000 rwxp 00000000 00:00 0 
7f606098d000-7f6060b25000 r-xs 03083000 fd:02 524190                     /home/dc/jdk1.6.0_38/jre/lib/rt.jar
7f6060b25000-7f6060b4d000 rwxp 00000000 00:00 0 
7f6060b4d000-7f6060b4e000 ---p 00000000 00:00 0 
7f6060b4e000-7f6060c4e000 rwxp 00000000 00:00 0 
7f6060c4e000-7f6060c4f000 ---p 00000000 00:00 0 
7f6060c4f000-7f6060d4f000 rwxp 00000000 00:00 0 
7f6060d4f000-7f6060d50000 ---p 00000000 00:00 0 
7f6060d50000-7f6060e50000 rwxp 00000000 00:00 0 
7f6060e50000-7f6060e51000 ---p 00000000 00:00 0 
7f6060e51000-7f6060f5c000 rwxp 00000000 00:00 0 
7f6060f5c000-7f6060f7a000 rwxp 00000000 00:00 0 
7f6060f7a000-7f6060fa2000 rwxp 00000000 00:00 0 
7f6060fa2000-7f60611fa000 rwxp 00000000 00:00 0 
7f60611fa000-7f6061205000 rwxp 00000000 00:00 0 
7f6061205000-7f6061223000 rwxp 00000000 00:00 0 
7f6061223000-7f606124b000 rwxp 00000000 00:00 0 
7f606124b000-7f60614a2000 rwxp 00000000 00:00 0 
7f60614a2000-7f60614b7000 rwxp 00000000 00:00 0 
7f60614b7000-7f60615e2000 rwxp 00000000 00:00 0 
7f60615e2000-7f60615ed000 rwxp 00000000 00:00 0 
7f60615ed000-7f6061763000 rwxp 00000000 00:00 0 
7f6061763000-7f6061771000 r-xp 00000000 fd:02 526515                     /home/dc/jdk1.6.0_38/jre/lib/amd64/libzip.so
7f6061771000-7f6061873000 ---p 0000e000 fd:02 526515                     /home/dc/jdk1.6.0_38/jre/lib/amd64/libzip.so
7f6061873000-7f6061876000 rwxp 00010000 fd:02 526515                     /home/dc/jdk1.6.0_38/jre/lib/amd64/libzip.so
7f6061876000-7f6061877000 rwxp 00000000 00:00 0 
7f6061877000-7f6061883000 r-xp 00000000 fd:00 76660                      /lib64/libnss_files-2.12.so
7f6061883000-7f6061a83000 ---p 0000c000 fd:00 76660                      /lib64/libnss_files-2.12.so
7f6061a83000-7f6061a84000 r-xp 0000c000 fd:00 76660                      /lib64/libnss_files-2.12.so
7f6061a84000-7f6061a85000 rwxp 0000d000 fd:00 76660                      /lib64/libnss_files-2.12.so
7f6061a95000-7f6061abe000 r-xp 00000000 fd:02 526524                     /home/dc/jdk1.6.0_38/jre/lib/amd64/libjava.so
7f6061abe000-7f6061bbd000 ---p 00029000 fd:02 526524                     /home/dc/jdk1.6.0_38/jre/lib/amd64/libjava.so
7f6061bbd000-7f6061bc4000 rwxp 00028000 fd:02 526524                     /home/dc/jdk1.6.0_38/jre/lib/amd64/libjava.so
7f6061bc4000-7f6061bd1000 r-xp 00000000 fd:02 526510                     /home/dc/jdk1.6.0_38/jre/lib/amd64/libverify.so
7f6061bd1000-7f6061cd0000 ---p 0000d000 fd:02 526510                     /home/dc/jdk1.6.0_38/jre/lib/amd64/libverify.so
7f6061cd0000-7f6061cd3000 rwxp 0000c000 fd:02 526510                     /home/dc/jdk1.6.0_38/jre/lib/amd64/libverify.so
7f6061cd3000-7f6061cd6000 ---p 00000000 00:00 0 
7f6061cd6000-7f6061dd4000 rwxp 00000000 00:00 0 
7f6061dd4000-7f60626f2000 r-xp 00000000 fd:02 654128                     /home/dc/jdk1.6.0_38/jre/lib/amd64/server/libjvm.so
7f60626f2000-7f60627f4000 ---p 0091e000 fd:02 654128                     /home/dc/jdk1.6.0_38/jre/lib/amd64/server/libjvm.so
7f60627f4000-7f60629aa000 rwxp 00920000 fd:02 654128                     /home/dc/jdk1.6.0_38/jre/lib/amd64/server/libjvm.so
7f60629aa000-7f60629e7000 rwxp 00000000 00:00 0 
7f60629e7000-7f60629ee000 r-xp 00000000 fd:02 654120                     /home/dc/jdk1.6.0_38/jre/lib/amd64/jli/libjli.so
7f60629ee000-7f6062aef000 ---p 00007000 fd:02 654120                     /home/dc/jdk1.6.0_38/jre/lib/amd64/jli/libjli.so
7f6062aef000-7f6062af1000 rwxp 00008000 fd:02 654120                     /home/dc/jdk1.6.0_38/jre/lib/amd64/jli/libjli.so
7f6062af1000-7f6062af2000 rwxp 00000000 00:00 0 
7f6062af8000-7f6062b00000 rwxs 00000000 fd:00 393942                     /tmp/hsperfdata_dc/17702
7f6062b00000-7f6062b01000 rwxp 00000000 00:00 0 
7f6062b01000-7f6062b02000 r-xp 00000000 00:00 0 
7f6062b02000-7f6062b03000 rwxp 00000000 00:00 0 
7fff8b486000-7fff8b49c000 rwxp 00000000 00:00 0                          [stack]
7fff8b5a9000-7fff8b5aa000 r-xp 00000000 00:00 0                          [vdso]
ffffffffff600000-ffffffffff601000 r-xp 00000000 00:00 0                  [vsyscall]

VM Arguments:
jvm_args: -Xbootclasspath/a:/home/dc/.m2/repository/org/clojure/clojure/1.2.1/clojure-1.2.1.jar -XX:+TieredCompilation -Dleiningen.original.pwd=/home/dc/storm -Dleiningen.trampoline-file=/tmp/lein-trampoline-17674 
java_command: clojure.main -e (use 'leiningen.core)(-main) /dev/null
Launcher Type: SUN_STANDARD

Environment Variables:
JAVA_HOME=/home/dc/jdk1.6.0_38
PATH=/usr/lib64/qt-3.3/bin:/usr/local/bin:/usr/bin:/bin:/usr/local/sbin:/usr/sbin:/sbin:/usr/lib64/qt-3.3/bin:/usr/local/bin:/usr/bin:/bin:/usr/local/sbin:/usr/sbin:/sbin/bin:/home/dc/jdk1.6.0_38/bin:/home/dc/apache-maven-3.0.4/bin:/home/dc/apache-ant-1.8.4/bin:/home/dc/apache-forrest-0.8/bin:/home/dc/jdk1.5.0_21/bin:/home/dc/jprofiler6/bin:/home/dc/.ec2/bin:/home/dc/monit-5.5/bin:/opt/rrdtool-1.4.7/bin:/opt/rrdtool-1.4.7/lib:/home/dc/clojure-1.4.0/bin:/home/dc/leiningen-1.x/bin:/home/dc/bin:/usr/lib64/qt-3.3/bin:/usr/local/bin:/usr/bin:/bin:/usr/local/sbin:/usr/sbin:/sbin:/usr/lib64/qt-3.3/bin:/usr/local/bin:/usr/bin:/bin:/usr/local/sbin:/usr/sbin:/sbin/bin:/home/dc/jdk1.6.0_38/bin:/home/dc/apache-maven-3.0.4/bin:/home/dc/apache-ant-1.8.4/bin:/home/dc/apache-forrest-0.8/bin:/home/dc/jdk1.5.0_21/bin:/home/dc/jprofiler6/bin:/home/dc/.ec2/bin:/home/dc/monit-5.5/bin:/opt/rrdtool-1.4.7/bin:/opt/rrdtool-1.4.7/lib:/home/dc/clojure-1.4.0/bin:/home/dc/leiningen-1.x/bin:/home/dc/bin/bin:/home/dc/jdk1.6.0_38/bin:/home/dc/apache-maven-3.0.4/bin:/home/dc/apache-ant-1.8.4/bin:/home/dc/apache-forrest-0.8/bin:/home/dc/jdk1.5.0_21/bin:/home/dc/jprofiler6/bin:/home/dc/.ec2/bin:/home/dc/monit-5.5/bin:/opt/rrdtool-1.4.7/bin:/opt/rrdtool-1.4.7/lib:/home/dc/clojure-1.4.0/bin:/home/dc/leiningen-1.x/bin
USERNAME=dc
LD_LIBRARY_PATH=/home/dc/jdk1.6.0_38/jre/lib/amd64/server:/home/dc/jdk1.6.0_38/jre/lib/amd64:/home/dc/jdk1.6.0_38/jre/../lib/amd64
SHELL=/bin/bash
DISPLAY=:0.0

Signal Handlers:
SIGSEGV: [libjvm.so+0x8629a0], sa_mask[0]=0x7ffbfeff, sa_flags=0x10000004
SIGBUS: [libjvm.so+0x8629a0], sa_mask[0]=0x7ffbfeff, sa_flags=0x10000004
SIGFPE: [libjvm.so+0x710660], sa_mask[0]=0x7ffbfeff, sa_flags=0x10000004
SIGPIPE: [libjvm.so+0x710660], sa_mask[0]=0x7ffbfeff, sa_flags=0x10000004
SIGXFSZ: [libjvm.so+0x710660], sa_mask[0]=0x7ffbfeff, sa_flags=0x10000004
SIGILL: [libjvm.so+0x710660], sa_mask[0]=0x7ffbfeff, sa_flags=0x10000004
SIGUSR1: SIG_DFL, sa_mask[0]=0x00000000, sa_flags=0x00000000
SIGUSR2: [libjvm.so+0x713490], sa_mask[0]=0x00000000, sa_flags=0x10000004
SIGHUP: [libjvm.so+0x713090], sa_mask[0]=0x7ffbfeff, sa_flags=0x10000004
SIGINT: [libjvm.so+0x713090], sa_mask[0]=0x7ffbfeff, sa_flags=0x10000004
SIGTERM: [libjvm.so+0x713090], sa_mask[0]=0x7ffbfeff, sa_flags=0x10000004
SIGQUIT: [libjvm.so+0x713090], sa_mask[0]=0x7ffbfeff, sa_flags=0x10000004


---------------  S Y S T E M  ---------------

OS:CentOS release 6.3 (Final)

uname:Linux 2.6.32-279.19.1.el6.x86_64 #1 SMP Wed Dec 19 07:05:20 UTC 2012 x86_64
libc:glibc 2.12 NPTL 2.12 
rlimit: STACK 10240k, CORE 0k, NPROC 1024, NOFILE 4096, AS infinity
load average:0.10 0.16 0.14

/proc/meminfo:
MemTotal:        7853904 kB
MemFree:         3649812 kB
Buffers:           86124 kB
Cached:          2290424 kB
SwapCached:            0 kB
Active:          2051672 kB
Inactive:        1810476 kB
Active(anon):    1486776 kB
Inactive(anon):    62192 kB
Active(file):     564896 kB
Inactive(file):  1748284 kB
Unevictable:          16 kB
Mlocked:              16 kB
SwapTotal:       7995384 kB
SwapFree:        7995384 kB
Dirty:               716 kB
Writeback:             0 kB
AnonPages:       1479860 kB
Mapped:           149616 kB
Shmem:             62884 kB
Slab:             170396 kB
SReclaimable:      95776 kB
SUnreclaim:        74620 kB
KernelStack:        4008 kB
PageTables:        44124 kB
NFS_Unstable:          0 kB
Bounce:                0 kB
WritebackTmp:          0 kB
CommitLimit:    11922336 kB
Committed_AS:    3511360 kB
VmallocTotal:   34359738367 kB
VmallocUsed:      373756 kB
VmallocChunk:   34359284628 kB
HardwareCorrupted:     0 kB
AnonHugePages:    935936 kB
HugePages_Total:       0
HugePages_Free:        0
HugePages_Rsvd:        0
HugePages_Surp:        0
Hugepagesize:       2048 kB
DirectMap4k:        8572 kB
DirectMap2M:     8239104 kB


CPU:total 4 (2 cores per cpu, 2 threads per core) family 6 model 37 stepping 2, cmov, cx8, fxsr, mmx, sse, sse2, sse3, ssse3, sse4.1, sse4.2, popcnt, ht

/proc/cpuinfo:
processor	: 0
vendor_id	: GenuineIntel
cpu family	: 6
model		: 37
model name	: Intel(R) Core(TM) i5 CPU       M 520  @ 2.40GHz
stepping	: 2
cpu MHz		: 1199.000
cache size	: 3072 KB
physical id	: 0
siblings	: 4
core id		: 0
cpu cores	: 2
apicid		: 0
initial apicid	: 0
fpu		: yes
fpu_exception	: yes
cpuid level	: 11
wp		: yes
flags		: fpu vme de pse tsc msr pae mce cx8 apic mtrr pge mca cmov pat pse36 clflush dts acpi mmx fxsr sse sse2 ss ht tm pbe syscall nx rdtscp lm constant_tsc arch_perfmon pebs bts rep_good xtopology nonstop_tsc aperfmperf pni pclmulqdq dtes64 monitor ds_cpl vmx smx est tm2 ssse3 cx16 xtpr pdcm sse4_1 sse4_2 popcnt aes lahf_lm ida arat dts tpr_shadow vnmi flexpriority ept vpid
bogomips	: 4788.05
clflush size	: 64
cache_alignment	: 64
address sizes	: 36 bits physical, 48 bits virtual
power management:

processor	: 1
vendor_id	: GenuineIntel
cpu family	: 6
model		: 37
model name	: Intel(R) Core(TM) i5 CPU       M 520  @ 2.40GHz
stepping	: 2
cpu MHz		: 2400.000
cache size	: 3072 KB
physical id	: 0
siblings	: 4
core id		: 2
cpu cores	: 2
apicid		: 4
initial apicid	: 4
fpu		: yes
fpu_exception	: yes
cpuid level	: 11
wp		: yes
flags		: fpu vme de pse tsc msr pae mce cx8 apic mtrr pge mca cmov pat pse36 clflush dts acpi mmx fxsr sse sse2 ss ht tm pbe syscall nx rdtscp lm constant_tsc arch_perfmon pebs bts rep_good xtopology nonstop_tsc aperfmperf pni pclmulqdq dtes64 monitor ds_cpl vmx smx est tm2 ssse3 cx16 xtpr pdcm sse4_1 sse4_2 popcnt aes lahf_lm ida arat dts tpr_shadow vnmi flexpriority ept vpid
bogomips	: 4788.05
clflush size	: 64
cache_alignment	: 64
address sizes	: 36 bits physical, 48 bits virtual
power management:

processor	: 2
vendor_id	: GenuineIntel
cpu family	: 6
model		: 37
model name	: Intel(R) Core(TM) i5 CPU       M 520  @ 2.40GHz
stepping	: 2
cpu MHz		: 1199.000
cache size	: 3072 KB
physical id	: 0
siblings	: 4
core id		: 0
cpu cores	: 2
apicid		: 1
initial apicid	: 1
fpu		: yes
fpu_exception	: yes
cpuid level	: 11
wp		: yes
flags		: fpu vme de pse tsc msr pae mce cx8 apic mtrr pge mca cmov pat pse36 clflush dts acpi mmx fxsr sse sse2 ss ht tm pbe syscall nx rdtscp lm constant_tsc arch_perfmon pebs bts rep_good xtopology nonstop_tsc aperfmperf pni pclmulqdq dtes64 monitor ds_cpl vmx smx est tm2 ssse3 cx16 xtpr pdcm sse4_1 sse4_2 popcnt aes lahf_lm ida arat dts tpr_shadow vnmi flexpriority ept vpid
bogomips	: 4788.05
clflush size	: 64
cache_alignment	: 64
address sizes	: 36 bits physical, 48 bits virtual
power management:

processor	: 3
vendor_id	: GenuineIntel
cpu family	: 6
model		: 37
model name	: Intel(R) Core(TM) i5 CPU       M 520  @ 2.40GHz
stepping	: 2
cpu MHz		: 1199.000
cache size	: 3072 KB
physical id	: 0
siblings	: 4
core id		: 2
cpu cores	: 2
apicid		: 5
initial apicid	: 5
fpu		: yes
fpu_exception	: yes
cpuid level	: 11
wp		: yes
flags		: fpu vme de pse tsc msr pae mce cx8 apic mtrr pge mca cmov pat pse36 clflush dts acpi mmx fxsr sse sse2 ss ht tm pbe syscall nx rdtscp lm constant_tsc arch_perfmon pebs bts rep_good xtopology nonstop_tsc aperfmperf pni pclmulqdq dtes64 monitor ds_cpl vmx smx est tm2 ssse3 cx16 xtpr pdcm sse4_1 sse4_2 popcnt aes lahf_lm ida arat dts tpr_shadow vnmi flexpriority ept vpid
bogomips	: 4788.05
clflush size	: 64
cache_alignment	: 64
address sizes	: 36 bits physical, 48 bits virtual
power management:



Memory: 4k page, physical 7853904k(3649812k free), swap 7995384k(7995384k free)

vm_info: Java HotSpot(TM) 64-Bit Server VM (20.13-b02) for linux-amd64 JRE (1.6.0_38-b05), built on Nov 14 2012 02:12:33 by "java_re" with gcc 3.2.2 (SuSE Linux)

time: Sun Mar  3 02:10:40 2013
elapsed time: 0 seconds

