#
# A fatal error has been detected by the Java Runtime Environment:
#
#  Internal Error (exceptions.cpp:397), pid=7817, tid=139678618343168
#  fatal error: ExceptionMark destructor expects no pending exceptions
#
# JRE version: 6.0_38-b05
# Java VM: Java HotSpot(TM) 64-Bit Server VM (20.13-b02 mixed mode linux-amd64 compressed oops)
# If you would like to submit a bug report, please visit:
#   http://java.sun.com/webapps/bugreport/crash.jsp
#

---------------  T H R E A D  ---------------

Current thread (0x00007f0970007000):  JavaThread "main" [_thread_in_vm, id=7818, stack(0x00007f09765dd000,0x00007f09766de000)]

Stack: [0x00007f09765dd000,0x00007f09766de000],  sp=0x00007f09766dabe0,  free space=1014k
Native frames: (J=compiled Java code, j=interpreted, Vv=VM code, C=native code)
V  [libjvm.so+0x861d75]  VMError::report_and_die()+0x265
V  [libjvm.so+0x3e5d0d]  report_fatal(char const*, int, char const*)+0x4d
V  [libjvm.so+0x4381f1]  ExceptionMark::~ExceptionMark()+0x71
V  [libjvm.so+0x374538]  ClassLoader::create_class_path_entry(char*, stat, ClassPathEntry**, bool)+0x2b8
V  [libjvm.so+0x373ba2]  LazyClassPathEntry::resolve_entry()+0x62
V  [libjvm.so+0x373c26]  LazyClassPathEntry::open_stream(char const*)+0x36
V  [libjvm.so+0x3755f1]  ClassLoader::load_classfile(symbolHandle, Thread*)+0x1a1
V  [libjvm.so+0x7eeb6f]  SystemDictionary::load_instance_class(symbolHandle, Handle, Thread*)+0xef
V  [libjvm.so+0x7ecb55]  SystemDictionary::resolve_instance_class_or_null(symbolHandle, Handle, Handle, Thread*)+0x575
V  [libjvm.so+0x7eb8e1]  SystemDictionary::resolve_or_null(symbolHandle, Handle, Handle, Thread*)+0x81
V  [libjvm.so+0x7eb910]  SystemDictionary::resolve_or_null(symbolHandle, Thread*)+0x10
V  [libjvm.so+0x54fcfb]  JVM_FindClassFromBootLoader+0x1fb

Java frames: (J=compiled Java code, j=interpreted, Vv=VM code)
j  java.lang.ClassLoader.findBootstrapClass(Ljava/lang/String;)Ljava/lang/Class;+0
j  java.lang.ClassLoader.findBootstrapClassOrNull(Ljava/lang/String;)Ljava/lang/Class;+12
j  java.lang.ClassLoader.loadClass(Ljava/lang/String;Z)Ljava/lang/Class;+32
j  java.lang.ClassLoader.loadClass(Ljava/lang/String;Z)Ljava/lang/Class;+23
j  sun.misc.Launcher$AppClassLoader.loadClass(Ljava/lang/String;Z)Ljava/lang/Class;+41
j  java.lang.ClassLoader.loadClass(Ljava/lang/String;)Ljava/lang/Class;+3
v  ~StubRoutines::call_stub

---------------  P R O C E S S  ---------------

Java Threads: ( => current thread )
  0x00007f0970093000 JavaThread "Low Memory Detector" daemon [_thread_blocked, id=7830, stack(0x00007f0974559000,0x00007f097465a000)]
  0x00007f0970090800 JavaThread "C1 CompilerThread2" daemon [_thread_blocked, id=7829, stack(0x00007f097465a000,0x00007f097475b000)]
  0x00007f097008e800 JavaThread "C2 CompilerThread1" daemon [_thread_blocked, id=7828, stack(0x00007f097475b000,0x00007f097485c000)]
  0x00007f097008c000 JavaThread "C2 CompilerThread0" daemon [_thread_blocked, id=7827, stack(0x00007f097485c000,0x00007f097495d000)]
  0x00007f0970089800 JavaThread "Signal Dispatcher" daemon [_thread_blocked, id=7826, stack(0x00007f097495d000,0x00007f0974a5e000)]
  0x00007f097006d000 JavaThread "Finalizer" daemon [_thread_blocked, id=7825, stack(0x00007f0974a5e000,0x00007f0974b5f000)]
  0x00007f097006b000 JavaThread "Reference Handler" daemon [_thread_blocked, id=7824, stack(0x00007f0974b5f000,0x00007f0974c60000)]
=>0x00007f0970007000 JavaThread "main" [_thread_in_vm, id=7818, stack(0x00007f09765dd000,0x00007f09766de000)]

Other Threads:
  0x00007f0970064800 VMThread [stack: 0x00007f0974c60000,0x00007f0974d61000] [id=7823]
  0x00007f09700a6000 WatcherThread [stack: 0x00007f0974458000,0x00007f0974559000] [id=7831]

VM state:not at safepoint (normal execution)

VM Mutex/Monitor currently owned by a thread: None

Heap
 PSYoungGen      total 35840K, used 615K [0x00000000d80b0000, 0x00000000da8a0000, 0x0000000100000000)
  eden space 30784K, 2% used [0x00000000d80b0000,0x00000000d8149ec8,0x00000000d9ec0000)
  from space 5056K, 0% used [0x00000000da3b0000,0x00000000da3b0000,0x00000000da8a0000)
  to   space 5056K, 0% used [0x00000000d9ec0000,0x00000000d9ec0000,0x00000000da3b0000)
 PSOldGen        total 81856K, used 0K [0x0000000088200000, 0x000000008d1f0000, 0x00000000d80b0000)
  object space 81856K, 0% used [0x0000000088200000,0x0000000088200000,0x000000008d1f0000)
 PSPermGen       total 21248K, used 2322K [0x0000000083000000, 0x00000000844c0000, 0x0000000088200000)
  object space 21248K, 10% used [0x0000000083000000,0x0000000083244bd0,0x00000000844c0000)

Code Cache  [0x00007f096a000000, 0x00007f096a270000, 0x00007f0970000000)
 total_blobs=184 nmethods=2 adapters=118 free_code_cache=99974144 largest_free_block=0

Dynamic libraries:
40000000-40009000 r-xp 00000000 fd:02 525905                             /home/dc/jdk1.6.0_38/bin/java
40108000-4010a000 rwxp 00008000 fd:02 525905                             /home/dc/jdk1.6.0_38/bin/java
40b84000-40ba5000 rwxp 00000000 00:00 0                                  [heap]
83000000-844c0000 rwxp 00000000 00:00 0 
844c0000-88200000 rwxp 00000000 00:00 0 
88200000-8d1f0000 rwxp 00000000 00:00 0 
8d1f0000-d80b0000 rwxp 00000000 00:00 0 
d80b0000-da8a0000 rwxp 00000000 00:00 0 
da8a0000-100000000 rwxp 00000000 00:00 0 
397f000000-397f020000 r-xp 00000000 fd:00 35098                          /lib64/ld-2.12.so
397f21f000-397f220000 r-xp 0001f000 fd:00 35098                          /lib64/ld-2.12.so
397f220000-397f221000 rwxp 00020000 fd:00 35098                          /lib64/ld-2.12.so
397f221000-397f222000 rwxp 00000000 00:00 0 
397f400000-397f589000 r-xp 00000000 fd:00 35100                          /lib64/libc-2.12.so
397f589000-397f789000 ---p 00189000 fd:00 35100                          /lib64/libc-2.12.so
397f789000-397f78d000 r-xp 00189000 fd:00 35100                          /lib64/libc-2.12.so
397f78d000-397f78e000 rwxp 0018d000 fd:00 35100                          /lib64/libc-2.12.so
397f78e000-397f793000 rwxp 00000000 00:00 0 
397f800000-397f802000 r-xp 00000000 fd:00 35517                          /lib64/libdl-2.12.so
397f802000-397fa02000 ---p 00002000 fd:00 35517                          /lib64/libdl-2.12.so
397fa02000-397fa03000 r-xp 00002000 fd:00 35517                          /lib64/libdl-2.12.so
397fa03000-397fa04000 rwxp 00003000 fd:00 35517                          /lib64/libdl-2.12.so
397fc00000-397fc17000 r-xp 00000000 fd:00 35174                          /lib64/libpthread-2.12.so
397fc17000-397fe17000 ---p 00017000 fd:00 35174                          /lib64/libpthread-2.12.so
397fe17000-397fe18000 r-xp 00017000 fd:00 35174                          /lib64/libpthread-2.12.so
397fe18000-397fe19000 rwxp 00018000 fd:00 35174                          /lib64/libpthread-2.12.so
397fe19000-397fe1d000 rwxp 00000000 00:00 0 
3980000000-3980083000 r-xp 00000000 fd:00 2992                           /lib64/libm-2.12.so
3980083000-3980282000 ---p 00083000 fd:00 2992                           /lib64/libm-2.12.so
3980282000-3980283000 r-xp 00082000 fd:00 2992                           /lib64/libm-2.12.so
3980283000-3980284000 rwxp 00083000 fd:00 2992                           /lib64/libm-2.12.so
3980400000-3980407000 r-xp 00000000 fd:00 1564                           /lib64/librt-2.12.so
3980407000-3980606000 ---p 00007000 fd:00 1564                           /lib64/librt-2.12.so
3980606000-3980607000 r-xp 00006000 fd:00 1564                           /lib64/librt-2.12.so
3980607000-3980608000 rwxp 00007000 fd:00 1564                           /lib64/librt-2.12.so
3992800000-3992816000 r-xp 00000000 fd:00 53915                          /lib64/libnsl-2.12.so
3992816000-3992a15000 ---p 00016000 fd:00 53915                          /lib64/libnsl-2.12.so
3992a15000-3992a16000 r-xp 00015000 fd:00 53915                          /lib64/libnsl-2.12.so
3992a16000-3992a17000 rwxp 00016000 fd:00 53915                          /lib64/libnsl-2.12.so
3992a17000-3992a19000 rwxp 00000000 00:00 0 
7f0928000000-7f0928021000 rwxp 00000000 00:00 0 
7f0928021000-7f092c000000 ---p 00000000 00:00 0 
7f0930000000-7f0930021000 rwxp 00000000 00:00 0 
7f0930021000-7f0934000000 ---p 00000000 00:00 0 
7f0934000000-7f0934021000 rwxp 00000000 00:00 0 
7f0934021000-7f0938000000 ---p 00000000 00:00 0 
7f0938000000-7f0938021000 rwxp 00000000 00:00 0 
7f0938021000-7f093c000000 ---p 00000000 00:00 0 
7f093c000000-7f093c021000 rwxp 00000000 00:00 0 
7f093c021000-7f0940000000 ---p 00000000 00:00 0 
7f0940000000-7f0940021000 rwxp 00000000 00:00 0 
7f0940021000-7f0944000000 ---p 00000000 00:00 0 
7f094616f000-7f094c000000 r-xp 00000000 fd:00 76669                      /usr/lib/locale/locale-archive
7f094c000000-7f094c021000 rwxp 00000000 00:00 0 
7f094c021000-7f0950000000 ---p 00000000 00:00 0 
7f0950000000-7f0950021000 rwxp 00000000 00:00 0 
7f0950021000-7f0954000000 ---p 00000000 00:00 0 
7f0954000000-7f0954021000 rwxp 00000000 00:00 0 
7f0954021000-7f0958000000 ---p 00000000 00:00 0 
7f0958000000-7f0958021000 rwxp 00000000 00:00 0 
7f0958021000-7f095c000000 ---p 00000000 00:00 0 
7f095c000000-7f095c021000 rwxp 00000000 00:00 0 
7f095c021000-7f0960000000 ---p 00000000 00:00 0 
7f0960000000-7f0960021000 rwxp 00000000 00:00 0 
7f0960021000-7f0964000000 ---p 00000000 00:00 0 
7f0964000000-7f0964021000 rwxp 00000000 00:00 0 
7f0964021000-7f0968000000 ---p 00000000 00:00 0 
7f096a000000-7f096a270000 rwxp 00000000 00:00 0 
7f096a270000-7f09700c4000 rwxp 00000000 00:00 0 
7f09700c4000-7f0974000000 ---p 00000000 00:00 0 
7f0974458000-7f0974459000 ---p 00000000 00:00 0 
7f0974459000-7f0974559000 rwxp 00000000 00:00 0 
7f0974559000-7f097455c000 ---p 00000000 00:00 0 
7f097455c000-7f097465a000 rwxp 00000000 00:00 0 
7f097465a000-7f097465d000 ---p 00000000 00:00 0 
7f097465d000-7f097475b000 rwxp 00000000 00:00 0 
7f097475b000-7f097475e000 ---p 00000000 00:00 0 
7f097475e000-7f097485c000 rwxp 00000000 00:00 0 
7f097485c000-7f097485f000 ---p 00000000 00:00 0 
7f097485f000-7f097495d000 rwxp 00000000 00:00 0 
7f097495d000-7f0974960000 ---p 00000000 00:00 0 
7f0974960000-7f0974a5e000 rwxp 00000000 00:00 0 
7f0974a5e000-7f0974a61000 ---p 00000000 00:00 0 
7f0974a61000-7f0974b5f000 rwxp 00000000 00:00 0 
7f0974b5f000-7f0974b62000 ---p 00000000 00:00 0 
7f0974b62000-7f0974c60000 rwxp 00000000 00:00 0 
7f0974c60000-7f0974c61000 ---p 00000000 00:00 0 
7f0974c61000-7f097529a000 rwxp 00000000 00:00 0 
7f097529a000-7f0975432000 r-xs 03083000 fd:02 524190                     /home/dc/jdk1.6.0_38/jre/lib/rt.jar
7f0975432000-7f097545a000 rwxp 00000000 00:00 0 
7f097545a000-7f097545b000 ---p 00000000 00:00 0 
7f097545b000-7f097555b000 rwxp 00000000 00:00 0 
7f097555b000-7f097555c000 ---p 00000000 00:00 0 
7f097555c000-7f097565c000 rwxp 00000000 00:00 0 
7f097565c000-7f097565d000 ---p 00000000 00:00 0 
7f097565d000-7f097575d000 rwxp 00000000 00:00 0 
7f097575d000-7f097575e000 ---p 00000000 00:00 0 
7f097575e000-7f0975869000 rwxp 00000000 00:00 0 
7f0975869000-7f0975887000 rwxp 00000000 00:00 0 
7f0975887000-7f09758af000 rwxp 00000000 00:00 0 
7f09758af000-7f0975b07000 rwxp 00000000 00:00 0 
7f0975b07000-7f0975b12000 rwxp 00000000 00:00 0 
7f0975b12000-7f0975b30000 rwxp 00000000 00:00 0 
7f0975b30000-7f0975b58000 rwxp 00000000 00:00 0 
7f0975b58000-7f0975daf000 rwxp 00000000 00:00 0 
7f0975daf000-7f0975dc4000 rwxp 00000000 00:00 0 
7f0975dc4000-7f0975eef000 rwxp 00000000 00:00 0 
7f0975eef000-7f0975efa000 rwxp 00000000 00:00 0 
7f0975efa000-7f0976070000 rwxp 00000000 00:00 0 
7f0976070000-7f097607e000 r-xp 00000000 fd:02 526515                     /home/dc/jdk1.6.0_38/jre/lib/amd64/libzip.so
7f097607e000-7f0976180000 ---p 0000e000 fd:02 526515                     /home/dc/jdk1.6.0_38/jre/lib/amd64/libzip.so
7f0976180000-7f0976183000 rwxp 00010000 fd:02 526515                     /home/dc/jdk1.6.0_38/jre/lib/amd64/libzip.so
7f0976183000-7f0976184000 rwxp 00000000 00:00 0 
7f0976184000-7f0976190000 r-xp 00000000 fd:00 30969                      /lib64/libnss_files-2.12.so
7f0976190000-7f0976390000 ---p 0000c000 fd:00 30969                      /lib64/libnss_files-2.12.so
7f0976390000-7f0976391000 r-xp 0000c000 fd:00 30969                      /lib64/libnss_files-2.12.so
7f0976391000-7f0976392000 rwxp 0000d000 fd:00 30969                      /lib64/libnss_files-2.12.so
7f097639f000-7f09763c8000 r-xp 00000000 fd:02 526524                     /home/dc/jdk1.6.0_38/jre/lib/amd64/libjava.so
7f09763c8000-7f09764c7000 ---p 00029000 fd:02 526524                     /home/dc/jdk1.6.0_38/jre/lib/amd64/libjava.so
7f09764c7000-7f09764ce000 rwxp 00028000 fd:02 526524                     /home/dc/jdk1.6.0_38/jre/lib/amd64/libjava.so
7f09764ce000-7f09764db000 r-xp 00000000 fd:02 526510                     /home/dc/jdk1.6.0_38/jre/lib/amd64/libverify.so
7f09764db000-7f09765da000 ---p 0000d000 fd:02 526510                     /home/dc/jdk1.6.0_38/jre/lib/amd64/libverify.so
7f09765da000-7f09765dd000 rwxp 0000c000 fd:02 526510                     /home/dc/jdk1.6.0_38/jre/lib/amd64/libverify.so
7f09765dd000-7f09765e0000 ---p 00000000 00:00 0 
7f09765e0000-7f09766de000 rwxp 00000000 00:00 0 
7f09766de000-7f0976ffc000 r-xp 00000000 fd:02 654128                     /home/dc/jdk1.6.0_38/jre/lib/amd64/server/libjvm.so
7f0976ffc000-7f09770fe000 ---p 0091e000 fd:02 654128                     /home/dc/jdk1.6.0_38/jre/lib/amd64/server/libjvm.so
7f09770fe000-7f09772b4000 rwxp 00920000 fd:02 654128                     /home/dc/jdk1.6.0_38/jre/lib/amd64/server/libjvm.so
7f09772b4000-7f09772f1000 rwxp 00000000 00:00 0 
7f09772f1000-7f09772f8000 r-xp 00000000 fd:02 654120                     /home/dc/jdk1.6.0_38/jre/lib/amd64/jli/libjli.so
7f09772f8000-7f09773f9000 ---p 00007000 fd:02 654120                     /home/dc/jdk1.6.0_38/jre/lib/amd64/jli/libjli.so
7f09773f9000-7f09773fb000 rwxp 00008000 fd:02 654120                     /home/dc/jdk1.6.0_38/jre/lib/amd64/jli/libjli.so
7f09773fb000-7f09773fc000 rwxp 00000000 00:00 0 
7f09773ff000-7f0977407000 rwxs 00000000 fd:00 271186                     /tmp/hsperfdata_dc/7817
7f0977407000-7f0977408000 rwxp 00000000 00:00 0 
7f0977408000-7f0977409000 r-xp 00000000 00:00 0 
7f0977409000-7f097740a000 rwxp 00000000 00:00 0 
7fff01a4c000-7fff01a61000 rwxp 00000000 00:00 0                          [stack]
7fff01bb0000-7fff01bb1000 r-xp 00000000 00:00 0                          [vdso]
ffffffffff600000-ffffffffff601000 r-xp 00000000 00:00 0                  [vsyscall]

VM Arguments:
jvm_args: -Xbootclasspath/a:/home/dc/.m2/repository/org/clojure/clojure/1.2.1/clojure-1.2.1.jar -XX:+TieredCompilation -Dleiningen.original.pwd=/home/dc/storm -Dleiningen.trampoline-file=/tmp/lein-trampoline-7791 
java_command: jline.ConsoleRunner clojure.main -e (use 'leiningen.core)(-main) /dev/null
Launcher Type: SUN_STANDARD

Environment Variables:
JAVA_HOME=/home/dc/jdk1.6.0_38
PATH=/usr/lib64/qt-3.3/bin:/usr/local/bin:/usr/bin:/bin:/usr/local/sbin:/usr/sbin:/sbin:/usr/lib64/qt-3.3/bin:/usr/local/bin:/usr/bin:/bin:/usr/local/sbin:/usr/sbin:/sbin/bin:/home/dc/jdk1.6.0_38/bin:/home/dc/apache-maven-3.0.4/bin:/home/dc/apache-ant-1.8.4/bin:/home/dc/apache-forrest-0.8/bin:/home/dc/jdk1.5.0_21/bin:/home/dc/bin:/usr/lib64/qt-3.3/bin:/usr/local/bin:/usr/bin:/bin:/usr/local/sbin:/usr/sbin:/sbin:/usr/lib64/qt-3.3/bin:/usr/local/bin:/usr/bin:/bin:/usr/local/sbin:/usr/sbin:/sbin/bin:/home/dc/jdk1.6.0_38/bin:/home/dc/apache-maven-3.0.4/bin:/home/dc/apache-ant-1.8.4/bin:/home/dc/apache-forrest-0.8/bin:/home/dc/jdk1.5.0_21/bin:/home/dc/bin/bin:/home/dc/jdk1.6.0_38/bin:/home/dc/apache-maven-3.0.4/bin:/home/dc/apache-ant-1.8.4/bin:/home/dc/apache-forrest-0.8/bin:/home/dc/jdk1.5.0_21/bin
USERNAME=dc
LD_LIBRARY_PATH=/home/dc/jdk1.6.0_38/jre/lib/amd64/server:/home/dc/jdk1.6.0_38/jre/lib/amd64:/home/dc/jdk1.6.0_38/jre/../lib/amd64
SHELL=/bin/bash
DISPLAY=:0.0

Signal Handlers:
SIGSEGV: [libjvm.so+0x8629a0], sa_mask[0]=0x7ffbfeff, sa_flags=0x10000004
SIGBUS: [libjvm.so+0x8629a0], sa_mask[0]=0x7ffbfeff, sa_flags=0x10000004
SIGFPE: [libjvm.so+0x710660], sa_mask[0]=0x7ffbfeff, sa_flags=0x10000004
SIGPIPE: [libjvm.so+0x710660], sa_mask[0]=0x7ffbfeff, sa_flags=0x10000004
SIGXFSZ: [libjvm.so+0x710660], sa_mask[0]=0x7ffbfeff, sa_flags=0x10000004
SIGILL: [libjvm.so+0x710660], sa_mask[0]=0x7ffbfeff, sa_flags=0x10000004
SIGUSR1: SIG_DFL, sa_mask[0]=0x00000000, sa_flags=0x00000000
SIGUSR2: [libjvm.so+0x713490], sa_mask[0]=0x00000000, sa_flags=0x10000004
SIGHUP: [libjvm.so+0x713090], sa_mask[0]=0x7ffbfeff, sa_flags=0x10000004
SIGINT: [libjvm.so+0x713090], sa_mask[0]=0x7ffbfeff, sa_flags=0x10000004
SIGTERM: [libjvm.so+0x713090], sa_mask[0]=0x7ffbfeff, sa_flags=0x10000004
SIGQUIT: [libjvm.so+0x713090], sa_mask[0]=0x7ffbfeff, sa_flags=0x10000004


---------------  S Y S T E M  ---------------

OS:CentOS release 6.3 (Final)

uname:Linux 2.6.32-279.19.1.el6.x86_64 #1 SMP Wed Dec 19 07:05:20 UTC 2012 x86_64
libc:glibc 2.12 NPTL 2.12 
rlimit: STACK 10240k, CORE 0k, NPROC 1024, NOFILE 4096, AS infinity
load average:0.06 0.12 0.14

/proc/meminfo:
MemTotal:        7853904 kB
MemFree:         6435328 kB
Buffers:           32700 kB
Cached:           387312 kB
SwapCached:       168840 kB
Active:           348960 kB
Inactive:         815796 kB
Active(anon):     228128 kB
Inactive(anon):   583568 kB
Active(file):     120832 kB
Inactive(file):   232228 kB
Unevictable:          16 kB
Mlocked:              16 kB
SwapTotal:       7995384 kB
SwapFree:        7325224 kB
Dirty:               688 kB
Writeback:             0 kB
AnonPages:        635360 kB
Mapped:            91508 kB
Shmem:             66784 kB
Slab:              95540 kB
SReclaimable:      24040 kB
SUnreclaim:        71500 kB
KernelStack:        3856 kB
PageTables:        33148 kB
NFS_Unstable:          0 kB
Bounce:                0 kB
WritebackTmp:          0 kB
CommitLimit:    11922336 kB
Committed_AS:    2635012 kB
VmallocTotal:   34359738367 kB
VmallocUsed:      373780 kB
VmallocChunk:   34359252508 kB
HardwareCorrupted:     0 kB
AnonHugePages:    106496 kB
HugePages_Total:       0
HugePages_Free:        0
HugePages_Rsvd:        0
HugePages_Surp:        0
Hugepagesize:       2048 kB
DirectMap4k:        8572 kB
DirectMap2M:     8239104 kB


CPU:total 4 (2 cores per cpu, 2 threads per core) family 6 model 37 stepping 2, cmov, cx8, fxsr, mmx, sse, sse2, sse3, ssse3, sse4.1, sse4.2, popcnt, ht

/proc/cpuinfo:
processor	: 0
vendor_id	: GenuineIntel
cpu family	: 6
model		: 37
model name	: Intel(R) Core(TM) i5 CPU       M 520  @ 2.40GHz
stepping	: 2
cpu MHz		: 1199.000
cache size	: 3072 KB
physical id	: 0
siblings	: 4
core id		: 0
cpu cores	: 2
apicid		: 0
initial apicid	: 0
fpu		: yes
fpu_exception	: yes
cpuid level	: 11
wp		: yes
flags		: fpu vme de pse tsc msr pae mce cx8 apic mtrr pge mca cmov pat pse36 clflush dts acpi mmx fxsr sse sse2 ss ht tm pbe syscall nx rdtscp lm constant_tsc arch_perfmon pebs bts rep_good xtopology nonstop_tsc aperfmperf pni pclmulqdq dtes64 monitor ds_cpl vmx smx est tm2 ssse3 cx16 xtpr pdcm sse4_1 sse4_2 popcnt aes lahf_lm ida arat dts tpr_shadow vnmi flexpriority ept vpid
bogomips	: 4788.25
clflush size	: 64
cache_alignment	: 64
address sizes	: 36 bits physical, 48 bits virtual
power management:

processor	: 1
vendor_id	: GenuineIntel
cpu family	: 6
model		: 37
model name	: Intel(R) Core(TM) i5 CPU       M 520  @ 2.40GHz
stepping	: 2
cpu MHz		: 1199.000
cache size	: 3072 KB
physical id	: 0
siblings	: 4
core id		: 2
cpu cores	: 2
apicid		: 4
initial apicid	: 4
fpu		: yes
fpu_exception	: yes
cpuid level	: 11
wp		: yes
flags		: fpu vme de pse tsc msr pae mce cx8 apic mtrr pge mca cmov pat pse36 clflush dts acpi mmx fxsr sse sse2 ss ht tm pbe syscall nx rdtscp lm constant_tsc arch_perfmon pebs bts rep_good xtopology nonstop_tsc aperfmperf pni pclmulqdq dtes64 monitor ds_cpl vmx smx est tm2 ssse3 cx16 xtpr pdcm sse4_1 sse4_2 popcnt aes lahf_lm ida arat dts tpr_shadow vnmi flexpriority ept vpid
bogomips	: 4788.25
clflush size	: 64
cache_alignment	: 64
address sizes	: 36 bits physical, 48 bits virtual
power management:

processor	: 2
vendor_id	: GenuineIntel
cpu family	: 6
model		: 37
model name	: Intel(R) Core(TM) i5 CPU       M 520  @ 2.40GHz
stepping	: 2
cpu MHz		: 1199.000
cache size	: 3072 KB
physical id	: 0
siblings	: 4
core id		: 0
cpu cores	: 2
apicid		: 1
initial apicid	: 1
fpu		: yes
fpu_exception	: yes
cpuid level	: 11
wp		: yes
flags		: fpu vme de pse tsc msr pae mce cx8 apic mtrr pge mca cmov pat pse36 clflush dts acpi mmx fxsr sse sse2 ss ht tm pbe syscall nx rdtscp lm constant_tsc arch_perfmon pebs bts rep_good xtopology nonstop_tsc aperfmperf pni pclmulqdq dtes64 monitor ds_cpl vmx smx est tm2 ssse3 cx16 xtpr pdcm sse4_1 sse4_2 popcnt aes lahf_lm ida arat dts tpr_shadow vnmi flexpriority ept vpid
bogomips	: 4788.25
clflush size	: 64
cache_alignment	: 64
address sizes	: 36 bits physical, 48 bits virtual
power management:

processor	: 3
vendor_id	: GenuineIntel
cpu family	: 6
model		: 37
model name	: Intel(R) Core(TM) i5 CPU       M 520  @ 2.40GHz
stepping	: 2
cpu MHz		: 1199.000
cache size	: 3072 KB
physical id	: 0
siblings	: 4
core id		: 2
cpu cores	: 2
apicid		: 5
initial apicid	: 5
fpu		: yes
fpu_exception	: yes
cpuid level	: 11
wp		: yes
flags		: fpu vme de pse tsc msr pae mce cx8 apic mtrr pge mca cmov pat pse36 clflush dts acpi mmx fxsr sse sse2 ss ht tm pbe syscall nx rdtscp lm constant_tsc arch_perfmon pebs bts rep_good xtopology nonstop_tsc aperfmperf pni pclmulqdq dtes64 monitor ds_cpl vmx smx est tm2 ssse3 cx16 xtpr pdcm sse4_1 sse4_2 popcnt aes lahf_lm ida arat dts tpr_shadow vnmi flexpriority ept vpid
bogomips	: 4788.25
clflush size	: 64
cache_alignment	: 64
address sizes	: 36 bits physical, 48 bits virtual
power management:



Memory: 4k page, physical 7853904k(6435328k free), swap 7995384k(7325224k free)

vm_info: Java HotSpot(TM) 64-Bit Server VM (20.13-b02) for linux-amd64 JRE (1.6.0_38-b05), built on Nov 14 2012 02:12:33 by "java_re" with gcc 3.2.2 (SuSE Linux)

time: Wed Jan 30 23:01:13 2013
elapsed time: 0 seconds

