2013-02-07 09:29:52 ZooKeeper [INFO] Client environment:zookeeper.version=3.3.3-1073969, built on 02/23/2011 22:27 GMT
2013-02-07 09:29:52 ZooKeeper [INFO] Client environment:host.name=storm0
2013-02-07 09:29:52 ZooKeeper [INFO] Client environment:java.version=1.6.0_38
2013-02-07 09:29:52 ZooKeeper [INFO] Client environment:java.vendor=Sun Microsystems Inc.
2013-02-07 09:29:52 ZooKeeper [INFO] Client environment:java.home=/home/dc/jdk1.6.0_38/jre
2013-02-07 09:29:52 ZooKeeper [INFO] Client environment:java.class.path=/home/dc/storm/storm-0.8.2/storm-0.8.2.jar:/home/dc/storm/storm-0.8.2/lib/clout-1.0.1.jar:/home/dc/storm/storm-0.8.2/lib/tools.macro-0.1.0.jar:/home/dc/storm/storm-0.8.2/lib/commons-logging-1.1.1.jar:/home/dc/storm/storm-0.8.2/lib/core.incubator-0.1.0.jar:/home/dc/storm/storm-0.8.2/lib/commons-fileupload-1.2.1.jar:/home/dc/storm/storm-0.8.2/lib/servlet-api-2.5.jar:/home/dc/storm/storm-0.8.2/lib/snakeyaml-1.9.jar:/home/dc/storm/storm-0.8.2/lib/minlog-1.2.jar:/home/dc/storm/storm-0.8.2/lib/commons-exec-1.1.jar:/home/dc/storm/storm-0.8.2/lib/hiccup-0.3.6.jar:/home/dc/storm/storm-0.8.2/lib/clojure-1.4.0.jar:/home/dc/storm/storm-0.8.2/lib/zookeeper-3.3.3.jar:/home/dc/storm/storm-0.8.2/lib/servlet-api-2.5-20081211.jar:/home/dc/storm/storm-0.8.2/lib/compojure-1.1.3.jar:/home/dc/storm/storm-0.8.2/lib/ring-jetty-adapter-0.3.11.jar:/home/dc/storm/storm-0.8.2/lib/curator-client-1.0.1.jar:/home/dc/storm/storm-0.8.2/lib/ring-servlet-0.3.11.jar:/home/dc/storm/storm-0.8.2/lib/carbonite-1.5.0.jar:/home/dc/storm/storm-0.8.2/lib/slf4j-api-1.5.8.jar:/home/dc/storm/storm-0.8.2/lib/kryo-2.17.jar:/home/dc/storm/storm-0.8.2/lib/asm-4.0.jar:/home/dc/storm/storm-0.8.2/lib/commons-codec-1.4.jar:/home/dc/storm/storm-0.8.2/lib/httpcore-4.1.jar:/home/dc/storm/storm-0.8.2/lib/jline-0.9.94.jar:/home/dc/storm/storm-0.8.2/lib/commons-lang-2.5.jar:/home/dc/storm/storm-0.8.2/lib/tools.cli-0.2.2.jar:/home/dc/storm/storm-0.8.2/lib/libthrift7-0.7.0.jar:/home/dc/storm/storm-0.8.2/lib/math.numeric-tower-0.0.1.jar:/home/dc/storm/storm-0.8.2/lib/jetty-util-6.1.26.jar:/home/dc/storm/storm-0.8.2/lib/curator-framework-1.0.1.jar:/home/dc/storm/storm-0.8.2/lib/junit-3.8.1.jar:/home/dc/storm/storm-0.8.2/lib/clj-time-0.4.1.jar:/home/dc/storm/storm-0.8.2/lib/reflectasm-1.07-shaded.jar:/home/dc/storm/storm-0.8.2/lib/commons-io-1.4.jar:/home/dc/storm/storm-0.8.2/lib/objenesis-1.2.jar:/home/dc/storm/storm-0.8.2/lib/json-simple-1.1.jar:/home/dc/storm/storm-0.8.2/lib/jzmq-2.1.0.jar:/home/dc/storm/storm-0.8.2/lib/jetty-6.1.26.jar:/home/dc/storm/storm-0.8.2/lib/guava-13.0.jar:/home/dc/storm/storm-0.8.2/lib/slf4j-log4j12-1.5.8.jar:/home/dc/storm/storm-0.8.2/lib/jgrapht-0.8.3.jar:/home/dc/storm/storm-0.8.2/lib/log4j-1.2.16.jar:/home/dc/storm/storm-0.8.2/lib/tools.logging-0.2.3.jar:/home/dc/storm/storm-0.8.2/lib/httpclient-4.1.1.jar:/home/dc/storm/storm-0.8.2/lib/joda-time-2.0.jar:/home/dc/storm/storm-0.8.2/lib/ring-core-1.1.5.jar:/home/dc/storm/storm-0.8.2/lib/disruptor-2.10.1.jar:/home/dc/storm/storm-0.8.2/log4j:/home/dc/storm/storm-0.8.2/conf
2013-02-07 09:29:52 ZooKeeper [INFO] Client environment:java.library.path=[/usr/local/lib:/opt/local/lib:/usr/lib:/home/dc/storm/storm-0.8.2/lib]
2013-02-07 09:29:52 ZooKeeper [INFO] Client environment:java.io.tmpdir=/tmp
2013-02-07 09:29:52 ZooKeeper [INFO] Client environment:java.compiler=<NA>
2013-02-07 09:29:52 ZooKeeper [INFO] Client environment:os.name=Linux
2013-02-07 09:29:52 ZooKeeper [INFO] Client environment:os.arch=amd64
2013-02-07 09:29:52 ZooKeeper [INFO] Client environment:os.version=2.6.32-279.19.1.el6.x86_64
2013-02-07 09:29:52 ZooKeeper [INFO] Client environment:user.name=dc
2013-02-07 09:29:52 ZooKeeper [INFO] Client environment:user.home=/home/dc
2013-02-07 09:29:52 ZooKeeper [INFO] Client environment:user.dir=/home/dc/storm
2013-02-07 09:29:52 ZooKeeperServer [INFO] Server environment:zookeeper.version=3.3.3-1073969, built on 02/23/2011 22:27 GMT
2013-02-07 09:29:52 ZooKeeperServer [INFO] Server environment:host.name=storm0
2013-02-07 09:29:52 ZooKeeperServer [INFO] Server environment:java.version=1.6.0_38
2013-02-07 09:29:52 ZooKeeperServer [INFO] Server environment:java.vendor=Sun Microsystems Inc.
2013-02-07 09:29:52 ZooKeeperServer [INFO] Server environment:java.home=/home/dc/jdk1.6.0_38/jre
2013-02-07 09:29:52 ZooKeeperServer [INFO] Server environment:java.class.path=/home/dc/storm/storm-0.8.2/storm-0.8.2.jar:/home/dc/storm/storm-0.8.2/lib/clout-1.0.1.jar:/home/dc/storm/storm-0.8.2/lib/tools.macro-0.1.0.jar:/home/dc/storm/storm-0.8.2/lib/commons-logging-1.1.1.jar:/home/dc/storm/storm-0.8.2/lib/core.incubator-0.1.0.jar:/home/dc/storm/storm-0.8.2/lib/commons-fileupload-1.2.1.jar:/home/dc/storm/storm-0.8.2/lib/servlet-api-2.5.jar:/home/dc/storm/storm-0.8.2/lib/snakeyaml-1.9.jar:/home/dc/storm/storm-0.8.2/lib/minlog-1.2.jar:/home/dc/storm/storm-0.8.2/lib/commons-exec-1.1.jar:/home/dc/storm/storm-0.8.2/lib/hiccup-0.3.6.jar:/home/dc/storm/storm-0.8.2/lib/clojure-1.4.0.jar:/home/dc/storm/storm-0.8.2/lib/zookeeper-3.3.3.jar:/home/dc/storm/storm-0.8.2/lib/servlet-api-2.5-20081211.jar:/home/dc/storm/storm-0.8.2/lib/compojure-1.1.3.jar:/home/dc/storm/storm-0.8.2/lib/ring-jetty-adapter-0.3.11.jar:/home/dc/storm/storm-0.8.2/lib/curator-client-1.0.1.jar:/home/dc/storm/storm-0.8.2/lib/ring-servlet-0.3.11.jar:/home/dc/storm/storm-0.8.2/lib/carbonite-1.5.0.jar:/home/dc/storm/storm-0.8.2/lib/slf4j-api-1.5.8.jar:/home/dc/storm/storm-0.8.2/lib/kryo-2.17.jar:/home/dc/storm/storm-0.8.2/lib/asm-4.0.jar:/home/dc/storm/storm-0.8.2/lib/commons-codec-1.4.jar:/home/dc/storm/storm-0.8.2/lib/httpcore-4.1.jar:/home/dc/storm/storm-0.8.2/lib/jline-0.9.94.jar:/home/dc/storm/storm-0.8.2/lib/commons-lang-2.5.jar:/home/dc/storm/storm-0.8.2/lib/tools.cli-0.2.2.jar:/home/dc/storm/storm-0.8.2/lib/libthrift7-0.7.0.jar:/home/dc/storm/storm-0.8.2/lib/math.numeric-tower-0.0.1.jar:/home/dc/storm/storm-0.8.2/lib/jetty-util-6.1.26.jar:/home/dc/storm/storm-0.8.2/lib/curator-framework-1.0.1.jar:/home/dc/storm/storm-0.8.2/lib/junit-3.8.1.jar:/home/dc/storm/storm-0.8.2/lib/clj-time-0.4.1.jar:/home/dc/storm/storm-0.8.2/lib/reflectasm-1.07-shaded.jar:/home/dc/storm/storm-0.8.2/lib/commons-io-1.4.jar:/home/dc/storm/storm-0.8.2/lib/objenesis-1.2.jar:/home/dc/storm/storm-0.8.2/lib/json-simple-1.1.jar:/home/dc/storm/storm-0.8.2/lib/jzmq-2.1.0.jar:/home/dc/storm/storm-0.8.2/lib/jetty-6.1.26.jar:/home/dc/storm/storm-0.8.2/lib/guava-13.0.jar:/home/dc/storm/storm-0.8.2/lib/slf4j-log4j12-1.5.8.jar:/home/dc/storm/storm-0.8.2/lib/jgrapht-0.8.3.jar:/home/dc/storm/storm-0.8.2/lib/log4j-1.2.16.jar:/home/dc/storm/storm-0.8.2/lib/tools.logging-0.2.3.jar:/home/dc/storm/storm-0.8.2/lib/httpclient-4.1.1.jar:/home/dc/storm/storm-0.8.2/lib/joda-time-2.0.jar:/home/dc/storm/storm-0.8.2/lib/ring-core-1.1.5.jar:/home/dc/storm/storm-0.8.2/lib/disruptor-2.10.1.jar:/home/dc/storm/storm-0.8.2/log4j:/home/dc/storm/storm-0.8.2/conf
2013-02-07 09:29:52 ZooKeeperServer [INFO] Server environment:java.library.path=[/usr/local/lib:/opt/local/lib:/usr/lib:/home/dc/storm/storm-0.8.2/lib]
2013-02-07 09:29:52 ZooKeeperServer [INFO] Server environment:java.io.tmpdir=/tmp
2013-02-07 09:29:52 ZooKeeperServer [INFO] Server environment:java.compiler=<NA>
2013-02-07 09:29:52 ZooKeeperServer [INFO] Server environment:os.name=Linux
2013-02-07 09:29:52 ZooKeeperServer [INFO] Server environment:os.arch=amd64
2013-02-07 09:29:52 ZooKeeperServer [INFO] Server environment:os.version=2.6.32-279.19.1.el6.x86_64
2013-02-07 09:29:52 ZooKeeperServer [INFO] Server environment:user.name=dc
2013-02-07 09:29:52 ZooKeeperServer [INFO] Server environment:user.home=/home/dc
2013-02-07 09:29:52 ZooKeeperServer [INFO] Server environment:user.dir=/home/dc/storm
2013-02-07 09:29:52 supervisor [INFO] Starting Supervisor with conf {"dev.zookeeper.path" "/tmp/dev-storm-zookeeper", "topology.tick.tuple.freq.secs" nil, "topology.fall.back.on.java.serialization" true, "topology.max.error.report.per.interval" 5, "zmq.linger.millis" 5000, "topology.skip.missing.kryo.registrations" false, "ui.childopts" "-Xmx768m", "storm.zookeeper.session.timeout" 20000, "nimbus.reassign" true, "topology.trident.batch.emit.interval.millis" 500, "nimbus.monitor.freq.secs" 10, "java.library.path" ["/usr/local/lib:/opt/local/lib:/usr/lib:/home/dc/storm/storm-0.8.2/lib"], "topology.executor.send.buffer.size" 1024, "storm.local.dir" "storm-local", "supervisor.worker.start.timeout.secs" 120, "topology.enable.message.timeouts" true, "nimbus.cleanup.inbox.freq.secs" 600, "nimbus.inbox.jar.expiration.secs" 3600, "drpc.worker.threads" 64, "topology.worker.shared.thread.pool.size" 4, "nimbus.host" "storm0", "storm.zookeeper.port" 2181, "transactional.zookeeper.port" nil, "topology.executor.receive.buffer.size" 1024, "transactional.zookeeper.servers" nil, "storm.zookeeper.root" "/storm", "supervisor.enable" true, "storm.zookeeper.servers" ["storm0"], "transactional.zookeeper.root" "/transactional", "topology.acker.executors" 1, "topology.transfer.buffer.size" 1024, "topology.worker.childopts" nil, "drpc.queue.size" 128, "worker.childopts" "-Xmx768m", "supervisor.heartbeat.frequency.secs" 5, "topology.error.throttle.interval.secs" 10, "zmq.hwm" 0, "drpc.port" 3772, "supervisor.monitor.frequency.secs" 3, "topology.receiver.buffer.size" 8, "task.heartbeat.frequency.secs" 3, "topology.tasks" nil, "topology.spout.wait.strategy" "backtype.storm.spout.SleepSpoutWaitStrategy", "topology.max.spout.pending" nil, "storm.zookeeper.retry.interval" 1000, "topology.sleep.spout.wait.strategy.time.ms" 1, "nimbus.topology.validator" "backtype.storm.nimbus.DefaultTopologyValidator", "supervisor.slots.ports" [6700 6701 6702 6703 6704], "topology.debug" false, "nimbus.task.launch.secs" 120, "nimbus.supervisor.timeout.secs" 60, "topology.message.timeout.secs" 30, "task.refresh.poll.secs" 10, "topology.workers" 1, "supervisor.childopts" "-Xmx256m", "nimbus.thrift.port" 6627, "topology.stats.sample.rate" 0.05, "worker.heartbeat.frequency.secs" 1, "topology.acker.tasks" nil, "topology.disruptor.wait.strategy" "com.lmax.disruptor.BlockingWaitStrategy", "nimbus.task.timeout.secs" 30, "storm.zookeeper.connection.timeout" 15000, "topology.kryo.factory" "backtype.storm.serialization.DefaultKryoFactory", "drpc.invocations.port" 3773, "zmq.threads" 1, "storm.zookeeper.retry.times" 5, "topology.state.synchronization.timeout.secs" 60, "supervisor.worker.timeout.secs" 30, "nimbus.file.copy.expiration.secs" 600, "drpc.request.timeout.secs" 600, "storm.local.mode.zmq" false, "ui.port" 8080, "nimbus.childopts" "-Xmx1024m", "storm.cluster.mode" "distributed", "topology.optimize" true, "topology.max.task.parallelism" nil}
2013-02-07 09:29:52 CuratorFrameworkImpl [INFO] Starting
2013-02-07 09:29:52 ZooKeeper [INFO] Initiating client connection, connectString=storm0:2181 sessionTimeout=20000 watcher=com.netflix.curator.ConnectionState@2f24614c
2013-02-07 09:29:52 ClientCnxn [INFO] Opening socket connection to server storm0/127.0.0.1:2181
2013-02-07 09:29:52 ClientCnxn [INFO] Socket connection established to storm0/127.0.0.1:2181, initiating session
2013-02-07 09:29:52 ClientCnxn [INFO] Session establishment complete on server storm0/127.0.0.1:2181, sessionid = 0x13cb5ad3a620002, negotiated timeout = 20000
2013-02-07 09:29:52 zookeeper [INFO] Zookeeper state update: :connected:none
2013-02-07 09:29:52 ZooKeeper [INFO] Session: 0x13cb5ad3a620002 closed
2013-02-07 09:29:52 ClientCnxn [INFO] EventThread shut down
2013-02-07 09:29:52 CuratorFrameworkImpl [INFO] Starting
2013-02-07 09:29:52 ZooKeeper [INFO] Initiating client connection, connectString=storm0:2181/storm sessionTimeout=20000 watcher=com.netflix.curator.ConnectionState@1633c3e6
2013-02-07 09:29:52 ClientCnxn [INFO] Opening socket connection to server storm0/127.0.0.1:2181
2013-02-07 09:29:52 ClientCnxn [INFO] Socket connection established to storm0/127.0.0.1:2181, initiating session
2013-02-07 09:29:52 ClientCnxn [INFO] Session establishment complete on server storm0/127.0.0.1:2181, sessionid = 0x13cb5ad3a620003, negotiated timeout = 20000
2013-02-07 09:29:52 supervisor [INFO] Starting supervisor with id 5891c419-8f0b-4f3a-a8f9-78b08b7bb028 at host storm0
2013-02-07 09:38:14 supervisor [INFO] Downloading code for storm id TestStorm1-1-1360258693 from storm-local/nimbus/stormdist/TestStorm1-1-1360258693
2013-02-07 09:38:14 util [INFO] Could not extract resources from storm-local/supervisor/tmp/b539e202-b5d0-41c1-8ec9-f98203acd108/stormjar.jar
2013-02-07 09:38:14 supervisor [INFO] Finished downloading code for storm id TestStorm1-1-1360258693 from storm-local/nimbus/stormdist/TestStorm1-1-1360258693
2013-02-07 09:38:14 supervisor [INFO] Launching worker with assignment #backtype.storm.daemon.supervisor.LocalAssignment{:storm-id "TestStorm1-1-1360258693", :executors ([6 6] [51 51] [1 1] [41 42] [11 12] [21 22] [31 32])} for this supervisor 5891c419-8f0b-4f3a-a8f9-78b08b7bb028 on port 6704 with id 302fff4e-b690-4cb1-a1ed-94c0a21bca02
2013-02-07 09:38:14 supervisor [INFO] Launching worker with command: java -server -Xmx768m  -Djava.library.path=["/usr/local/lib:/opt/local/lib:/usr/lib:/home/dc/storm/storm-0.8.2/lib"] -Dlogfile.name=worker-6704.log -Dstorm.home=/home/dc/storm/storm-0.8.2 -Dlog4j.configuration=storm.log.properties -cp /home/dc/storm/storm-0.8.2/storm-0.8.2.jar:/home/dc/storm/storm-0.8.2/lib/clout-1.0.1.jar:/home/dc/storm/storm-0.8.2/lib/tools.macro-0.1.0.jar:/home/dc/storm/storm-0.8.2/lib/commons-logging-1.1.1.jar:/home/dc/storm/storm-0.8.2/lib/core.incubator-0.1.0.jar:/home/dc/storm/storm-0.8.2/lib/commons-fileupload-1.2.1.jar:/home/dc/storm/storm-0.8.2/lib/servlet-api-2.5.jar:/home/dc/storm/storm-0.8.2/lib/snakeyaml-1.9.jar:/home/dc/storm/storm-0.8.2/lib/minlog-1.2.jar:/home/dc/storm/storm-0.8.2/lib/commons-exec-1.1.jar:/home/dc/storm/storm-0.8.2/lib/hiccup-0.3.6.jar:/home/dc/storm/storm-0.8.2/lib/clojure-1.4.0.jar:/home/dc/storm/storm-0.8.2/lib/zookeeper-3.3.3.jar:/home/dc/storm/storm-0.8.2/lib/servlet-api-2.5-20081211.jar:/home/dc/storm/storm-0.8.2/lib/compojure-1.1.3.jar:/home/dc/storm/storm-0.8.2/lib/ring-jetty-adapter-0.3.11.jar:/home/dc/storm/storm-0.8.2/lib/curator-client-1.0.1.jar:/home/dc/storm/storm-0.8.2/lib/ring-servlet-0.3.11.jar:/home/dc/storm/storm-0.8.2/lib/carbonite-1.5.0.jar:/home/dc/storm/storm-0.8.2/lib/slf4j-api-1.5.8.jar:/home/dc/storm/storm-0.8.2/lib/kryo-2.17.jar:/home/dc/storm/storm-0.8.2/lib/asm-4.0.jar:/home/dc/storm/storm-0.8.2/lib/commons-codec-1.4.jar:/home/dc/storm/storm-0.8.2/lib/httpcore-4.1.jar:/home/dc/storm/storm-0.8.2/lib/jline-0.9.94.jar:/home/dc/storm/storm-0.8.2/lib/commons-lang-2.5.jar:/home/dc/storm/storm-0.8.2/lib/tools.cli-0.2.2.jar:/home/dc/storm/storm-0.8.2/lib/libthrift7-0.7.0.jar:/home/dc/storm/storm-0.8.2/lib/math.numeric-tower-0.0.1.jar:/home/dc/storm/storm-0.8.2/lib/jetty-util-6.1.26.jar:/home/dc/storm/storm-0.8.2/lib/curator-framework-1.0.1.jar:/home/dc/storm/storm-0.8.2/lib/junit-3.8.1.jar:/home/dc/storm/storm-0.8.2/lib/clj-time-0.4.1.jar:/home/dc/storm/storm-0.8.2/lib/reflectasm-1.07-shaded.jar:/home/dc/storm/storm-0.8.2/lib/commons-io-1.4.jar:/home/dc/storm/storm-0.8.2/lib/objenesis-1.2.jar:/home/dc/storm/storm-0.8.2/lib/json-simple-1.1.jar:/home/dc/storm/storm-0.8.2/lib/jzmq-2.1.0.jar:/home/dc/storm/storm-0.8.2/lib/jetty-6.1.26.jar:/home/dc/storm/storm-0.8.2/lib/guava-13.0.jar:/home/dc/storm/storm-0.8.2/lib/slf4j-log4j12-1.5.8.jar:/home/dc/storm/storm-0.8.2/lib/jgrapht-0.8.3.jar:/home/dc/storm/storm-0.8.2/lib/log4j-1.2.16.jar:/home/dc/storm/storm-0.8.2/lib/tools.logging-0.2.3.jar:/home/dc/storm/storm-0.8.2/lib/httpclient-4.1.1.jar:/home/dc/storm/storm-0.8.2/lib/joda-time-2.0.jar:/home/dc/storm/storm-0.8.2/lib/ring-core-1.1.5.jar:/home/dc/storm/storm-0.8.2/lib/disruptor-2.10.1.jar:/home/dc/storm/storm-0.8.2/log4j:/home/dc/storm/storm-0.8.2/conf:storm-local/supervisor/stormdist/TestStorm1-1-1360258693/stormjar.jar backtype.storm.daemon.worker TestStorm1-1-1360258693 5891c419-8f0b-4f3a-a8f9-78b08b7bb028 6704 302fff4e-b690-4cb1-a1ed-94c0a21bca02
2013-02-07 09:38:14 event [ERROR] Error when processing event
java.lang.ClassCastException: clojure.lang.PersistentVector cannot be cast to java.lang.String
	at java.lang.ProcessEnvironment$StringEnvironment.put(ProcessEnvironment.java:203)
	at backtype.storm.util$launch_process.doInvoke(util.clj:348)
	at clojure.lang.RestFn.invoke(RestFn.java:439)
	at backtype.storm.daemon.supervisor$fn__4793.invoke(supervisor.clj:429)
	at clojure.lang.MultiFn.invoke(MultiFn.java:177)
	at backtype.storm.daemon.supervisor$sync_processes$iter__4684__4688$fn__4689.invoke(supervisor.clj:249)
	at clojure.lang.LazySeq.sval(LazySeq.java:42)
	at clojure.lang.LazySeq.seq(LazySeq.java:60)
	at clojure.lang.RT.seq(RT.java:473)
	at clojure.core$seq.invoke(core.clj:133)
	at clojure.core$dorun.invoke(core.clj:2725)
	at clojure.core$doall.invoke(core.clj:2741)
	at backtype.storm.daemon.supervisor$sync_processes.invoke(supervisor.clj:237)
	at clojure.lang.AFn.applyToHelper(AFn.java:161)
	at clojure.lang.AFn.applyTo(AFn.java:151)
	at clojure.core$apply.invoke(core.clj:603)
	at clojure.core$partial$fn__4070.doInvoke(core.clj:2343)
	at clojure.lang.RestFn.invoke(RestFn.java:397)
	at backtype.storm.event$event_manager$fn__2507.invoke(event.clj:24)
	at clojure.lang.AFn.run(AFn.java:24)
	at java.lang.Thread.run(Thread.java:662)
2013-02-07 09:38:14 util [INFO] Halting process: ("Error when processing an event")
