2013-02-13 08:20:15 ZooKeeper [INFO] Client environment:zookeeper.version=3.3.3-1073969, built on 02/23/2011 22:27 GMT
2013-02-13 08:20:15 ZooKeeper [INFO] Client environment:host.name=storm0
2013-02-13 08:20:15 ZooKeeper [INFO] Client environment:java.version=1.6.0_38
2013-02-13 08:20:15 ZooKeeper [INFO] Client environment:java.vendor=Sun Microsystems Inc.
2013-02-13 08:20:15 ZooKeeper [INFO] Client environment:java.home=/home/dc/jdk1.6.0_38/jre
2013-02-13 08:20:15 ZooKeeper [INFO] Client environment:java.class.path=/home/dc/storm/storm-0.8.2/storm-0.8.2.jar:/home/dc/storm/storm-0.8.2/lib/clout-1.0.1.jar:/home/dc/storm/storm-0.8.2/lib/tools.macro-0.1.0.jar:/home/dc/storm/storm-0.8.2/lib/commons-logging-1.1.1.jar:/home/dc/storm/storm-0.8.2/lib/core.incubator-0.1.0.jar:/home/dc/storm/storm-0.8.2/lib/commons-fileupload-1.2.1.jar:/home/dc/storm/storm-0.8.2/lib/servlet-api-2.5.jar:/home/dc/storm/storm-0.8.2/lib/snakeyaml-1.9.jar:/home/dc/storm/storm-0.8.2/lib/minlog-1.2.jar:/home/dc/storm/storm-0.8.2/lib/commons-exec-1.1.jar:/home/dc/storm/storm-0.8.2/lib/hiccup-0.3.6.jar:/home/dc/storm/storm-0.8.2/lib/clojure-1.4.0.jar:/home/dc/storm/storm-0.8.2/lib/zookeeper-3.3.3.jar:/home/dc/storm/storm-0.8.2/lib/servlet-api-2.5-20081211.jar:/home/dc/storm/storm-0.8.2/lib/compojure-1.1.3.jar:/home/dc/storm/storm-0.8.2/lib/ring-jetty-adapter-0.3.11.jar:/home/dc/storm/storm-0.8.2/lib/curator-client-1.0.1.jar:/home/dc/storm/storm-0.8.2/lib/ring-servlet-0.3.11.jar:/home/dc/storm/storm-0.8.2/lib/carbonite-1.5.0.jar:/home/dc/storm/storm-0.8.2/lib/slf4j-api-1.5.8.jar:/home/dc/storm/storm-0.8.2/lib/kryo-2.17.jar:/home/dc/storm/storm-0.8.2/lib/asm-4.0.jar:/home/dc/storm/storm-0.8.2/lib/commons-codec-1.4.jar:/home/dc/storm/storm-0.8.2/lib/httpcore-4.1.jar:/home/dc/storm/storm-0.8.2/lib/jline-0.9.94.jar:/home/dc/storm/storm-0.8.2/lib/commons-lang-2.5.jar:/home/dc/storm/storm-0.8.2/lib/tools.cli-0.2.2.jar:/home/dc/storm/storm-0.8.2/lib/libthrift7-0.7.0.jar:/home/dc/storm/storm-0.8.2/lib/math.numeric-tower-0.0.1.jar:/home/dc/storm/storm-0.8.2/lib/jetty-util-6.1.26.jar:/home/dc/storm/storm-0.8.2/lib/curator-framework-1.0.1.jar:/home/dc/storm/storm-0.8.2/lib/junit-3.8.1.jar:/home/dc/storm/storm-0.8.2/lib/clj-time-0.4.1.jar:/home/dc/storm/storm-0.8.2/lib/reflectasm-1.07-shaded.jar:/home/dc/storm/storm-0.8.2/lib/commons-io-1.4.jar:/home/dc/storm/storm-0.8.2/lib/objenesis-1.2.jar:/home/dc/storm/storm-0.8.2/lib/json-simple-1.1.jar:/home/dc/storm/storm-0.8.2/lib/jzmq-2.1.0.jar:/home/dc/storm/storm-0.8.2/lib/jetty-6.1.26.jar:/home/dc/storm/storm-0.8.2/lib/guava-13.0.jar:/home/dc/storm/storm-0.8.2/lib/slf4j-log4j12-1.5.8.jar:/home/dc/storm/storm-0.8.2/lib/jgrapht-0.8.3.jar:/home/dc/storm/storm-0.8.2/lib/log4j-1.2.16.jar:/home/dc/storm/storm-0.8.2/lib/tools.logging-0.2.3.jar:/home/dc/storm/storm-0.8.2/lib/httpclient-4.1.1.jar:/home/dc/storm/storm-0.8.2/lib/joda-time-2.0.jar:/home/dc/storm/storm-0.8.2/lib/ring-core-1.1.5.jar:/home/dc/storm/storm-0.8.2/lib/disruptor-2.10.1.jar:/home/dc/storm/storm-0.8.2/log4j:/home/dc/storm/storm-0.8.2/conf:/home/dc/storm/storm-0.8.2/supervisor/stormdist/TestPerf1-1-1360800462/stormjar.jar
2013-02-13 08:20:15 ZooKeeper [INFO] Client environment:java.library.path=/usr/local/lib:/opt/local/lib:/usr/lib:/home/dc/storm/storm-0.8.2/lib:/usr/lib64
2013-02-13 08:20:15 ZooKeeper [INFO] Client environment:java.io.tmpdir=/tmp
2013-02-13 08:20:15 ZooKeeper [INFO] Client environment:java.compiler=<NA>
2013-02-13 08:20:15 ZooKeeper [INFO] Client environment:os.name=Linux
2013-02-13 08:20:15 ZooKeeper [INFO] Client environment:os.arch=amd64
2013-02-13 08:20:15 ZooKeeper [INFO] Client environment:os.version=2.6.32-279.19.1.el6.x86_64
2013-02-13 08:20:15 ZooKeeper [INFO] Client environment:user.name=dc
2013-02-13 08:20:15 ZooKeeper [INFO] Client environment:user.home=/home/dc
2013-02-13 08:20:15 ZooKeeper [INFO] Client environment:user.dir=/home/dc/storm
2013-02-13 08:20:15 ZooKeeperServer [INFO] Server environment:zookeeper.version=3.3.3-1073969, built on 02/23/2011 22:27 GMT
2013-02-13 08:20:15 ZooKeeperServer [INFO] Server environment:host.name=storm0
2013-02-13 08:20:15 ZooKeeperServer [INFO] Server environment:java.version=1.6.0_38
2013-02-13 08:20:15 ZooKeeperServer [INFO] Server environment:java.vendor=Sun Microsystems Inc.
2013-02-13 08:20:15 ZooKeeperServer [INFO] Server environment:java.home=/home/dc/jdk1.6.0_38/jre
2013-02-13 08:20:15 ZooKeeperServer [INFO] Server environment:java.class.path=/home/dc/storm/storm-0.8.2/storm-0.8.2.jar:/home/dc/storm/storm-0.8.2/lib/clout-1.0.1.jar:/home/dc/storm/storm-0.8.2/lib/tools.macro-0.1.0.jar:/home/dc/storm/storm-0.8.2/lib/commons-logging-1.1.1.jar:/home/dc/storm/storm-0.8.2/lib/core.incubator-0.1.0.jar:/home/dc/storm/storm-0.8.2/lib/commons-fileupload-1.2.1.jar:/home/dc/storm/storm-0.8.2/lib/servlet-api-2.5.jar:/home/dc/storm/storm-0.8.2/lib/snakeyaml-1.9.jar:/home/dc/storm/storm-0.8.2/lib/minlog-1.2.jar:/home/dc/storm/storm-0.8.2/lib/commons-exec-1.1.jar:/home/dc/storm/storm-0.8.2/lib/hiccup-0.3.6.jar:/home/dc/storm/storm-0.8.2/lib/clojure-1.4.0.jar:/home/dc/storm/storm-0.8.2/lib/zookeeper-3.3.3.jar:/home/dc/storm/storm-0.8.2/lib/servlet-api-2.5-20081211.jar:/home/dc/storm/storm-0.8.2/lib/compojure-1.1.3.jar:/home/dc/storm/storm-0.8.2/lib/ring-jetty-adapter-0.3.11.jar:/home/dc/storm/storm-0.8.2/lib/curator-client-1.0.1.jar:/home/dc/storm/storm-0.8.2/lib/ring-servlet-0.3.11.jar:/home/dc/storm/storm-0.8.2/lib/carbonite-1.5.0.jar:/home/dc/storm/storm-0.8.2/lib/slf4j-api-1.5.8.jar:/home/dc/storm/storm-0.8.2/lib/kryo-2.17.jar:/home/dc/storm/storm-0.8.2/lib/asm-4.0.jar:/home/dc/storm/storm-0.8.2/lib/commons-codec-1.4.jar:/home/dc/storm/storm-0.8.2/lib/httpcore-4.1.jar:/home/dc/storm/storm-0.8.2/lib/jline-0.9.94.jar:/home/dc/storm/storm-0.8.2/lib/commons-lang-2.5.jar:/home/dc/storm/storm-0.8.2/lib/tools.cli-0.2.2.jar:/home/dc/storm/storm-0.8.2/lib/libthrift7-0.7.0.jar:/home/dc/storm/storm-0.8.2/lib/math.numeric-tower-0.0.1.jar:/home/dc/storm/storm-0.8.2/lib/jetty-util-6.1.26.jar:/home/dc/storm/storm-0.8.2/lib/curator-framework-1.0.1.jar:/home/dc/storm/storm-0.8.2/lib/junit-3.8.1.jar:/home/dc/storm/storm-0.8.2/lib/clj-time-0.4.1.jar:/home/dc/storm/storm-0.8.2/lib/reflectasm-1.07-shaded.jar:/home/dc/storm/storm-0.8.2/lib/commons-io-1.4.jar:/home/dc/storm/storm-0.8.2/lib/objenesis-1.2.jar:/home/dc/storm/storm-0.8.2/lib/json-simple-1.1.jar:/home/dc/storm/storm-0.8.2/lib/jzmq-2.1.0.jar:/home/dc/storm/storm-0.8.2/lib/jetty-6.1.26.jar:/home/dc/storm/storm-0.8.2/lib/guava-13.0.jar:/home/dc/storm/storm-0.8.2/lib/slf4j-log4j12-1.5.8.jar:/home/dc/storm/storm-0.8.2/lib/jgrapht-0.8.3.jar:/home/dc/storm/storm-0.8.2/lib/log4j-1.2.16.jar:/home/dc/storm/storm-0.8.2/lib/tools.logging-0.2.3.jar:/home/dc/storm/storm-0.8.2/lib/httpclient-4.1.1.jar:/home/dc/storm/storm-0.8.2/lib/joda-time-2.0.jar:/home/dc/storm/storm-0.8.2/lib/ring-core-1.1.5.jar:/home/dc/storm/storm-0.8.2/lib/disruptor-2.10.1.jar:/home/dc/storm/storm-0.8.2/log4j:/home/dc/storm/storm-0.8.2/conf:/home/dc/storm/storm-0.8.2/supervisor/stormdist/TestPerf1-1-1360800462/stormjar.jar
2013-02-13 08:20:15 ZooKeeperServer [INFO] Server environment:java.library.path=/usr/local/lib:/opt/local/lib:/usr/lib:/home/dc/storm/storm-0.8.2/lib:/usr/lib64
2013-02-13 08:20:15 ZooKeeperServer [INFO] Server environment:java.io.tmpdir=/tmp
2013-02-13 08:20:15 ZooKeeperServer [INFO] Server environment:java.compiler=<NA>
2013-02-13 08:20:15 ZooKeeperServer [INFO] Server environment:os.name=Linux
2013-02-13 08:20:15 ZooKeeperServer [INFO] Server environment:os.arch=amd64
2013-02-13 08:20:15 ZooKeeperServer [INFO] Server environment:os.version=2.6.32-279.19.1.el6.x86_64
2013-02-13 08:20:15 ZooKeeperServer [INFO] Server environment:user.name=dc
2013-02-13 08:20:15 ZooKeeperServer [INFO] Server environment:user.home=/home/dc
2013-02-13 08:20:15 ZooKeeperServer [INFO] Server environment:user.dir=/home/dc/storm
2013-02-13 08:20:17 worker [INFO] Launching worker for TestPerf1-1-1360800462 on 257b9c14-71de-427a-9605-54fd5540e097:6700 with id a27193f0-887b-4cf8-9252-aa31b7cb098f and conf {"dev.zookeeper.path" "/tmp/dev-storm-zookeeper", "topology.tick.tuple.freq.secs" nil, "topology.fall.back.on.java.serialization" true, "topology.max.error.report.per.interval" 5, "zmq.linger.millis" 5000, "topology.skip.missing.kryo.registrations" false, "ui.childopts" "-Xmx768m", "storm.zookeeper.session.timeout" 20000, "nimbus.reassign" true, "topology.trident.batch.emit.interval.millis" 500, "nimbus.monitor.freq.secs" 10, "java.library.path" "/usr/local/lib:/opt/local/lib:/usr/lib:/home/dc/storm/storm-0.8.2/lib:/usr/lib64", "topology.executor.send.buffer.size" 1024, "storm.local.dir" "/home/dc/storm/storm-0.8.2", "supervisor.worker.start.timeout.secs" 120, "topology.enable.message.timeouts" true, "nimbus.cleanup.inbox.freq.secs" 600, "nimbus.inbox.jar.expiration.secs" 3600, "drpc.worker.threads" 64, "topology.worker.shared.thread.pool.size" 4, "nimbus.host" "storm0", "storm.zookeeper.port" 2181, "transactional.zookeeper.port" nil, "topology.executor.receive.buffer.size" 1024, "transactional.zookeeper.servers" nil, "storm.zookeeper.root" "/storm", "supervisor.enable" true, "storm.zookeeper.servers" ["storm0"], "transactional.zookeeper.root" "/transactional", "topology.acker.executors" 1, "topology.transfer.buffer.size" 1024, "topology.worker.childopts" nil, "drpc.queue.size" 128, "worker.childopts" "-Xmx768m", "supervisor.heartbeat.frequency.secs" 5, "topology.error.throttle.interval.secs" 10, "zmq.hwm" 0, "drpc.port" 3772, "supervisor.monitor.frequency.secs" 3, "topology.receiver.buffer.size" 8, "task.heartbeat.frequency.secs" 3, "topology.tasks" nil, "topology.spout.wait.strategy" "backtype.storm.spout.SleepSpoutWaitStrategy", "topology.max.spout.pending" nil, "storm.zookeeper.retry.interval" 1000, "topology.sleep.spout.wait.strategy.time.ms" 1, "nimbus.topology.validator" "backtype.storm.nimbus.DefaultTopologyValidator", "supervisor.slots.ports" [6700 6701 6702 6703 6704], "topology.debug" false, "nimbus.task.launch.secs" 120, "nimbus.supervisor.timeout.secs" 60, "topology.message.timeout.secs" 30, "task.refresh.poll.secs" 10, "topology.workers" 1, "supervisor.childopts" "-Xmx256m", "nimbus.thrift.port" 6627, "topology.stats.sample.rate" 0.05, "worker.heartbeat.frequency.secs" 1, "topology.acker.tasks" nil, "topology.disruptor.wait.strategy" "com.lmax.disruptor.BlockingWaitStrategy", "nimbus.task.timeout.secs" 30, "storm.zookeeper.connection.timeout" 15000, "topology.kryo.factory" "backtype.storm.serialization.DefaultKryoFactory", "drpc.invocations.port" 3773, "zmq.threads" 1, "storm.zookeeper.retry.times" 5, "topology.state.synchronization.timeout.secs" 60, "supervisor.worker.timeout.secs" 30, "nimbus.file.copy.expiration.secs" 600, "drpc.request.timeout.secs" 600, "storm.local.mode.zmq" false, "ui.port" 8080, "nimbus.childopts" "-Xmx1024m", "storm.cluster.mode" "distributed", "topology.optimize" true, "topology.max.task.parallelism" nil}
2013-02-13 08:20:17 CuratorFrameworkImpl [INFO] Starting
2013-02-13 08:20:17 ZooKeeper [INFO] Initiating client connection, connectString=storm0:2181 sessionTimeout=20000 watcher=com.netflix.curator.ConnectionState@74e16785
2013-02-13 08:20:17 ClientCnxn [INFO] Opening socket connection to server storm0/192.168.1.67:2181
2013-02-13 08:20:17 ClientCnxn [INFO] Socket connection established to storm0/192.168.1.67:2181, initiating session
2013-02-13 08:20:17 ClientCnxn [INFO] Session establishment complete on server storm0/192.168.1.67:2181, sessionid = 0x13cd456f7e4001e, negotiated timeout = 20000
2013-02-13 08:20:17 zookeeper [INFO] Zookeeper state update: :connected:none
2013-02-13 08:20:17 ZooKeeper [INFO] Session: 0x13cd456f7e4001e closed
2013-02-13 08:20:17 CuratorFrameworkImpl [INFO] Starting
2013-02-13 08:20:17 ZooKeeper [INFO] Initiating client connection, connectString=storm0:2181/storm sessionTimeout=20000 watcher=com.netflix.curator.ConnectionState@69b0de2e
2013-02-13 08:20:17 ClientCnxn [INFO] EventThread shut down
2013-02-13 08:20:17 ClientCnxn [INFO] Opening socket connection to server storm0/192.168.1.67:2181
2013-02-13 08:20:17 ClientCnxn [INFO] Socket connection established to storm0/192.168.1.67:2181, initiating session
2013-02-13 08:20:17 ClientCnxn [INFO] Session establishment complete on server storm0/192.168.1.67:2181, sessionid = 0x13cd456f7e4001f, negotiated timeout = 20000
2013-02-13 08:20:18 executor [INFO] Loading executor spout:[14 14]
2013-02-13 08:20:18 executor [INFO] Loaded executor tasks spout:[14 14]
2013-02-13 08:20:18 executor [INFO] Finished loading executor spout:[14 14]
2013-02-13 08:20:18 worker [INFO] Launching receive-thread for 257b9c14-71de-427a-9605-54fd5540e097:6700
2013-02-13 08:20:19 executor [INFO] Opening spout spout:(14)
2013-02-13 08:20:19 executor [INFO] Opened spout spout:(14)
2013-02-13 08:20:19 executor [INFO] Activating spout spout:(14)
2013-02-13 08:20:19 worker [INFO] Worker has topology config {"storm.id" "TestPerf1-1-1360800462", "dev.zookeeper.path" "/tmp/dev-storm-zookeeper", "topology.tick.tuple.freq.secs" nil, "topology.fall.back.on.java.serialization" true, "topology.max.error.report.per.interval" 5, "zmq.linger.millis" 5000, "topology.skip.missing.kryo.registrations" false, "ui.childopts" "-Xmx768m", "storm.zookeeper.session.timeout" 20000, "nimbus.reassign" true, "topology.trident.batch.emit.interval.millis" 500, "nimbus.monitor.freq.secs" 10, "java.library.path" "/usr/local/lib:/opt/local/lib:/usr/lib:/home/dc/storm/storm-0.8.2/lib:/usr/lib64", "topology.executor.send.buffer.size" 1024, "storm.local.dir" "/home/dc/storm/storm-0.8.2", "supervisor.worker.start.timeout.secs" 120, "topology.enable.message.timeouts" true, "nimbus.cleanup.inbox.freq.secs" 600, "nimbus.inbox.jar.expiration.secs" 3600, "drpc.worker.threads" 64, "topology.worker.shared.thread.pool.size" 4, "nimbus.host" "storm0", "storm.zookeeper.port" 2181, "transactional.zookeeper.port" nil, "topology.executor.receive.buffer.size" 1024, "transactional.zookeeper.servers" nil, "storm.zookeeper.root" "/storm", "supervisor.enable" true, "storm.zookeeper.servers" ["storm0"], "transactional.zookeeper.root" "/transactional", "topology.acker.executors" 0, "topology.kryo.decorators" (), "topology.name" "TestPerf1", "topology.transfer.buffer.size" 1024, "topology.worker.childopts" nil, "drpc.queue.size" 128, "worker.childopts" "-Xmx768m", "supervisor.heartbeat.frequency.secs" 5, "topology.error.throttle.interval.secs" 10, "zmq.hwm" 0, "drpc.port" 3772, "supervisor.monitor.frequency.secs" 3, "topology.receiver.buffer.size" 8, "task.heartbeat.frequency.secs" 3, "topology.tasks" nil, "topology.spout.wait.strategy" "backtype.storm.spout.SleepSpoutWaitStrategy", "topology.max.spout.pending" nil, "storm.zookeeper.retry.interval" 1000, "topology.sleep.spout.wait.strategy.time.ms" 1, "nimbus.topology.validator" "backtype.storm.nimbus.DefaultTopologyValidator", "supervisor.slots.ports" [6700 6701 6702 6703 6704], "topology.debug" false, "nimbus.task.launch.secs" 120, "nimbus.supervisor.timeout.secs" 60, "topology.kryo.register" nil, "topology.message.timeout.secs" 30, "task.refresh.poll.secs" 10, "topology.workers" 10, "supervisor.childopts" "-Xmx256m", "nimbus.thrift.port" 6627, "topology.stats.sample.rate" 0.05, "worker.heartbeat.frequency.secs" 1, "topology.acker.tasks" nil, "topology.disruptor.wait.strategy" "com.lmax.disruptor.BlockingWaitStrategy", "nimbus.task.timeout.secs" 30, "storm.zookeeper.connection.timeout" 15000, "topology.kryo.factory" "backtype.storm.serialization.DefaultKryoFactory", "drpc.invocations.port" 3773, "zmq.threads" 1, "storm.zookeeper.retry.times" 5, "topology.state.synchronization.timeout.secs" 60, "supervisor.worker.timeout.secs" 30, "nimbus.file.copy.expiration.secs" 600, "drpc.request.timeout.secs" 600, "storm.local.mode.zmq" false, "ui.port" 8080, "nimbus.childopts" "-Xmx1024m", "storm.cluster.mode" "distributed", "topology.optimize" true, "topology.max.task.parallelism" nil}
2013-02-13 08:20:19 worker [INFO] Worker a27193f0-887b-4cf8-9252-aa31b7cb098f for storm TestPerf1-1-1360800462 on 257b9c14-71de-427a-9605-54fd5540e097:6700 has finished loading
2013-02-13 16:22:43 ClientCnxn [INFO] Unable to read additional data from server sessionid 0x13cd456f7e4001f, likely server has closed socket, closing socket connection and attempting reconnect
2013-02-13 16:22:43 ConnectionStateManager [INFO] State change: SUSPENDED
2013-02-13 16:22:43 ConnectionStateManager [WARN] There are no ConnectionStateListeners registered.
2013-02-13 16:22:43 cluster [WARN] Received event :disconnected::none: with disconnected Zookeeper.
2013-02-13 16:22:45 ClientCnxn [INFO] Opening socket connection to server storm0/192.168.1.67:2181
2013-02-13 16:22:45 ClientCnxn [INFO] Socket connection established to storm0/192.168.1.67:2181, initiating session
2013-02-13 16:22:45 ConnectionState [WARN] Session expired event received
2013-02-13 16:22:45 ZooKeeper [INFO] Initiating client connection, connectString=storm0:2181/storm sessionTimeout=20000 watcher=com.netflix.curator.ConnectionState@69b0de2e
2013-02-13 16:22:45 ClientCnxn [INFO] Unable to reconnect to ZooKeeper service, session 0x13cd456f7e4001f has expired, closing socket connection
2013-02-13 16:22:45 ClientCnxn [INFO] Opening socket connection to server storm0/192.168.1.67:2181
2013-02-13 16:22:45 ConnectionStateManager [INFO] State change: LOST
2013-02-13 16:22:45 ClientCnxn [INFO] Socket connection established to storm0/192.168.1.67:2181, initiating session
2013-02-13 16:22:45 ConnectionStateManager [WARN] There are no ConnectionStateListeners registered.
2013-02-13 16:22:45 cluster [WARN] Received event :expired::none: with disconnected Zookeeper.
2013-02-13 16:22:45 ClientCnxn [INFO] EventThread shut down
2013-02-13 16:22:45 ClientCnxn [INFO] Session establishment complete on server storm0/192.168.1.67:2181, sessionid = 0x13cd456f7e40024, negotiated timeout = 20000
2013-02-13 16:22:45 ConnectionStateManager [INFO] State change: RECONNECTED
2013-02-13 16:22:45 ConnectionStateManager [WARN] There are no ConnectionStateListeners registered.
2013-02-13 19:19:40 ZooKeeper [INFO] Client environment:zookeeper.version=3.3.3-1073969, built on 02/23/2011 22:27 GMT
2013-02-13 19:19:40 ZooKeeper [INFO] Client environment:host.name=storm0
2013-02-13 19:19:40 ZooKeeper [INFO] Client environment:java.version=1.6.0_38
2013-02-13 19:19:40 ZooKeeper [INFO] Client environment:java.vendor=Sun Microsystems Inc.
2013-02-13 19:19:40 ZooKeeper [INFO] Client environment:java.home=/home/dc/jdk1.6.0_38/jre
2013-02-13 19:19:40 ZooKeeper [INFO] Client environment:java.class.path=/home/dc/storm/storm-0.8.2/storm-0.8.2.jar:/home/dc/storm/storm-0.8.2/lib/clout-1.0.1.jar:/home/dc/storm/storm-0.8.2/lib/tools.macro-0.1.0.jar:/home/dc/storm/storm-0.8.2/lib/commons-logging-1.1.1.jar:/home/dc/storm/storm-0.8.2/lib/core.incubator-0.1.0.jar:/home/dc/storm/storm-0.8.2/lib/commons-fileupload-1.2.1.jar:/home/dc/storm/storm-0.8.2/lib/servlet-api-2.5.jar:/home/dc/storm/storm-0.8.2/lib/snakeyaml-1.9.jar:/home/dc/storm/storm-0.8.2/lib/minlog-1.2.jar:/home/dc/storm/storm-0.8.2/lib/commons-exec-1.1.jar:/home/dc/storm/storm-0.8.2/lib/hiccup-0.3.6.jar:/home/dc/storm/storm-0.8.2/lib/clojure-1.4.0.jar:/home/dc/storm/storm-0.8.2/lib/zookeeper-3.3.3.jar:/home/dc/storm/storm-0.8.2/lib/servlet-api-2.5-20081211.jar:/home/dc/storm/storm-0.8.2/lib/compojure-1.1.3.jar:/home/dc/storm/storm-0.8.2/lib/ring-jetty-adapter-0.3.11.jar:/home/dc/storm/storm-0.8.2/lib/curator-client-1.0.1.jar:/home/dc/storm/storm-0.8.2/lib/ring-servlet-0.3.11.jar:/home/dc/storm/storm-0.8.2/lib/carbonite-1.5.0.jar:/home/dc/storm/storm-0.8.2/lib/slf4j-api-1.5.8.jar:/home/dc/storm/storm-0.8.2/lib/kryo-2.17.jar:/home/dc/storm/storm-0.8.2/lib/asm-4.0.jar:/home/dc/storm/storm-0.8.2/lib/commons-codec-1.4.jar:/home/dc/storm/storm-0.8.2/lib/httpcore-4.1.jar:/home/dc/storm/storm-0.8.2/lib/jline-0.9.94.jar:/home/dc/storm/storm-0.8.2/lib/commons-lang-2.5.jar:/home/dc/storm/storm-0.8.2/lib/tools.cli-0.2.2.jar:/home/dc/storm/storm-0.8.2/lib/libthrift7-0.7.0.jar:/home/dc/storm/storm-0.8.2/lib/math.numeric-tower-0.0.1.jar:/home/dc/storm/storm-0.8.2/lib/jetty-util-6.1.26.jar:/home/dc/storm/storm-0.8.2/lib/curator-framework-1.0.1.jar:/home/dc/storm/storm-0.8.2/lib/junit-3.8.1.jar:/home/dc/storm/storm-0.8.2/lib/clj-time-0.4.1.jar:/home/dc/storm/storm-0.8.2/lib/reflectasm-1.07-shaded.jar:/home/dc/storm/storm-0.8.2/lib/commons-io-1.4.jar:/home/dc/storm/storm-0.8.2/lib/objenesis-1.2.jar:/home/dc/storm/storm-0.8.2/lib/json-simple-1.1.jar:/home/dc/storm/storm-0.8.2/lib/jzmq-2.1.0.jar:/home/dc/storm/storm-0.8.2/lib/jetty-6.1.26.jar:/home/dc/storm/storm-0.8.2/lib/guava-13.0.jar:/home/dc/storm/storm-0.8.2/lib/slf4j-log4j12-1.5.8.jar:/home/dc/storm/storm-0.8.2/lib/jgrapht-0.8.3.jar:/home/dc/storm/storm-0.8.2/lib/log4j-1.2.16.jar:/home/dc/storm/storm-0.8.2/lib/tools.logging-0.2.3.jar:/home/dc/storm/storm-0.8.2/lib/httpclient-4.1.1.jar:/home/dc/storm/storm-0.8.2/lib/joda-time-2.0.jar:/home/dc/storm/storm-0.8.2/lib/ring-core-1.1.5.jar:/home/dc/storm/storm-0.8.2/lib/disruptor-2.10.1.jar:/home/dc/storm/storm-0.8.2/log4j:/home/dc/storm/storm-0.8.2/conf:/home/dc/storm/storm-0.8.2/supervisor/stormdist/TestPerf1-1-1360800462/stormjar.jar
2013-02-13 19:19:40 ZooKeeper [INFO] Client environment:java.library.path=/usr/local/lib:/opt/local/lib:/usr/lib:/home/dc/storm/storm-0.8.2/lib:/usr/lib64
2013-02-13 19:19:40 ZooKeeper [INFO] Client environment:java.io.tmpdir=/tmp
2013-02-13 19:19:40 ZooKeeper [INFO] Client environment:java.compiler=<NA>
2013-02-13 19:19:40 ZooKeeper [INFO] Client environment:os.name=Linux
2013-02-13 19:19:40 ZooKeeper [INFO] Client environment:os.arch=amd64
2013-02-13 19:19:40 ZooKeeper [INFO] Client environment:os.version=2.6.32-279.19.1.el6.x86_64
2013-02-13 19:19:40 ZooKeeper [INFO] Client environment:user.name=dc
2013-02-13 19:19:40 ZooKeeper [INFO] Client environment:user.home=/home/dc
2013-02-13 19:19:40 ZooKeeper [INFO] Client environment:user.dir=/home/dc/storm
2013-02-13 19:19:40 ZooKeeperServer [INFO] Server environment:zookeeper.version=3.3.3-1073969, built on 02/23/2011 22:27 GMT
2013-02-13 19:19:40 ZooKeeperServer [INFO] Server environment:host.name=storm0
2013-02-13 19:19:40 ZooKeeperServer [INFO] Server environment:java.version=1.6.0_38
2013-02-13 19:19:40 ZooKeeperServer [INFO] Server environment:java.vendor=Sun Microsystems Inc.
2013-02-13 19:19:40 ZooKeeperServer [INFO] Server environment:java.home=/home/dc/jdk1.6.0_38/jre
2013-02-13 19:19:40 ZooKeeperServer [INFO] Server environment:java.class.path=/home/dc/storm/storm-0.8.2/storm-0.8.2.jar:/home/dc/storm/storm-0.8.2/lib/clout-1.0.1.jar:/home/dc/storm/storm-0.8.2/lib/tools.macro-0.1.0.jar:/home/dc/storm/storm-0.8.2/lib/commons-logging-1.1.1.jar:/home/dc/storm/storm-0.8.2/lib/core.incubator-0.1.0.jar:/home/dc/storm/storm-0.8.2/lib/commons-fileupload-1.2.1.jar:/home/dc/storm/storm-0.8.2/lib/servlet-api-2.5.jar:/home/dc/storm/storm-0.8.2/lib/snakeyaml-1.9.jar:/home/dc/storm/storm-0.8.2/lib/minlog-1.2.jar:/home/dc/storm/storm-0.8.2/lib/commons-exec-1.1.jar:/home/dc/storm/storm-0.8.2/lib/hiccup-0.3.6.jar:/home/dc/storm/storm-0.8.2/lib/clojure-1.4.0.jar:/home/dc/storm/storm-0.8.2/lib/zookeeper-3.3.3.jar:/home/dc/storm/storm-0.8.2/lib/servlet-api-2.5-20081211.jar:/home/dc/storm/storm-0.8.2/lib/compojure-1.1.3.jar:/home/dc/storm/storm-0.8.2/lib/ring-jetty-adapter-0.3.11.jar:/home/dc/storm/storm-0.8.2/lib/curator-client-1.0.1.jar:/home/dc/storm/storm-0.8.2/lib/ring-servlet-0.3.11.jar:/home/dc/storm/storm-0.8.2/lib/carbonite-1.5.0.jar:/home/dc/storm/storm-0.8.2/lib/slf4j-api-1.5.8.jar:/home/dc/storm/storm-0.8.2/lib/kryo-2.17.jar:/home/dc/storm/storm-0.8.2/lib/asm-4.0.jar:/home/dc/storm/storm-0.8.2/lib/commons-codec-1.4.jar:/home/dc/storm/storm-0.8.2/lib/httpcore-4.1.jar:/home/dc/storm/storm-0.8.2/lib/jline-0.9.94.jar:/home/dc/storm/storm-0.8.2/lib/commons-lang-2.5.jar:/home/dc/storm/storm-0.8.2/lib/tools.cli-0.2.2.jar:/home/dc/storm/storm-0.8.2/lib/libthrift7-0.7.0.jar:/home/dc/storm/storm-0.8.2/lib/math.numeric-tower-0.0.1.jar:/home/dc/storm/storm-0.8.2/lib/jetty-util-6.1.26.jar:/home/dc/storm/storm-0.8.2/lib/curator-framework-1.0.1.jar:/home/dc/storm/storm-0.8.2/lib/junit-3.8.1.jar:/home/dc/storm/storm-0.8.2/lib/clj-time-0.4.1.jar:/home/dc/storm/storm-0.8.2/lib/reflectasm-1.07-shaded.jar:/home/dc/storm/storm-0.8.2/lib/commons-io-1.4.jar:/home/dc/storm/storm-0.8.2/lib/objenesis-1.2.jar:/home/dc/storm/storm-0.8.2/lib/json-simple-1.1.jar:/home/dc/storm/storm-0.8.2/lib/jzmq-2.1.0.jar:/home/dc/storm/storm-0.8.2/lib/jetty-6.1.26.jar:/home/dc/storm/storm-0.8.2/lib/guava-13.0.jar:/home/dc/storm/storm-0.8.2/lib/slf4j-log4j12-1.5.8.jar:/home/dc/storm/storm-0.8.2/lib/jgrapht-0.8.3.jar:/home/dc/storm/storm-0.8.2/lib/log4j-1.2.16.jar:/home/dc/storm/storm-0.8.2/lib/tools.logging-0.2.3.jar:/home/dc/storm/storm-0.8.2/lib/httpclient-4.1.1.jar:/home/dc/storm/storm-0.8.2/lib/joda-time-2.0.jar:/home/dc/storm/storm-0.8.2/lib/ring-core-1.1.5.jar:/home/dc/storm/storm-0.8.2/lib/disruptor-2.10.1.jar:/home/dc/storm/storm-0.8.2/log4j:/home/dc/storm/storm-0.8.2/conf:/home/dc/storm/storm-0.8.2/supervisor/stormdist/TestPerf1-1-1360800462/stormjar.jar
2013-02-13 19:19:40 ZooKeeperServer [INFO] Server environment:java.library.path=/usr/local/lib:/opt/local/lib:/usr/lib:/home/dc/storm/storm-0.8.2/lib:/usr/lib64
2013-02-13 19:19:40 ZooKeeperServer [INFO] Server environment:java.io.tmpdir=/tmp
2013-02-13 19:19:40 ZooKeeperServer [INFO] Server environment:java.compiler=<NA>
2013-02-13 19:19:40 ZooKeeperServer [INFO] Server environment:os.name=Linux
2013-02-13 19:19:40 ZooKeeperServer [INFO] Server environment:os.arch=amd64
2013-02-13 19:19:40 ZooKeeperServer [INFO] Server environment:os.version=2.6.32-279.19.1.el6.x86_64
2013-02-13 19:19:40 ZooKeeperServer [INFO] Server environment:user.name=dc
2013-02-13 19:19:40 ZooKeeperServer [INFO] Server environment:user.home=/home/dc
2013-02-13 19:19:40 ZooKeeperServer [INFO] Server environment:user.dir=/home/dc/storm
2013-02-13 19:19:43 worker [INFO] Launching worker for TestPerf1-1-1360800462 on 257b9c14-71de-427a-9605-54fd5540e097:6700 with id 125b8e72-78bd-4b12-abe0-1e2609afe1a8 and conf {"dev.zookeeper.path" "/tmp/dev-storm-zookeeper", "topology.tick.tuple.freq.secs" nil, "topology.fall.back.on.java.serialization" true, "topology.max.error.report.per.interval" 5, "zmq.linger.millis" 5000, "topology.skip.missing.kryo.registrations" false, "ui.childopts" "-Xmx768m", "storm.zookeeper.session.timeout" 20000, "nimbus.reassign" true, "topology.trident.batch.emit.interval.millis" 500, "nimbus.monitor.freq.secs" 10, "java.library.path" "/usr/local/lib:/opt/local/lib:/usr/lib:/home/dc/storm/storm-0.8.2/lib:/usr/lib64", "topology.executor.send.buffer.size" 1024, "storm.local.dir" "/home/dc/storm/storm-0.8.2", "supervisor.worker.start.timeout.secs" 120, "topology.enable.message.timeouts" true, "nimbus.cleanup.inbox.freq.secs" 600, "nimbus.inbox.jar.expiration.secs" 3600, "drpc.worker.threads" 64, "topology.worker.shared.thread.pool.size" 4, "nimbus.host" "storm0", "storm.zookeeper.port" 2181, "transactional.zookeeper.port" nil, "topology.executor.receive.buffer.size" 1024, "transactional.zookeeper.servers" nil, "storm.zookeeper.root" "/storm", "supervisor.enable" true, "storm.zookeeper.servers" ["storm0"], "transactional.zookeeper.root" "/transactional", "topology.acker.executors" 1, "topology.transfer.buffer.size" 1024, "topology.worker.childopts" nil, "drpc.queue.size" 128, "worker.childopts" "-Xmx768m", "supervisor.heartbeat.frequency.secs" 5, "topology.error.throttle.interval.secs" 10, "zmq.hwm" 0, "drpc.port" 3772, "supervisor.monitor.frequency.secs" 3, "topology.receiver.buffer.size" 8, "task.heartbeat.frequency.secs" 3, "topology.tasks" nil, "topology.spout.wait.strategy" "backtype.storm.spout.SleepSpoutWaitStrategy", "topology.max.spout.pending" nil, "storm.zookeeper.retry.interval" 1000, "topology.sleep.spout.wait.strategy.time.ms" 1, "nimbus.topology.validator" "backtype.storm.nimbus.DefaultTopologyValidator", "supervisor.slots.ports" [6700 6701 6702 6703 6704], "topology.debug" false, "nimbus.task.launch.secs" 120, "nimbus.supervisor.timeout.secs" 60, "topology.message.timeout.secs" 30, "task.refresh.poll.secs" 10, "topology.workers" 1, "supervisor.childopts" "-Xmx256m", "nimbus.thrift.port" 6627, "topology.stats.sample.rate" 0.05, "worker.heartbeat.frequency.secs" 1, "topology.acker.tasks" nil, "topology.disruptor.wait.strategy" "com.lmax.disruptor.BlockingWaitStrategy", "nimbus.task.timeout.secs" 30, "storm.zookeeper.connection.timeout" 15000, "topology.kryo.factory" "backtype.storm.serialization.DefaultKryoFactory", "drpc.invocations.port" 3773, "zmq.threads" 1, "storm.zookeeper.retry.times" 5, "topology.state.synchronization.timeout.secs" 60, "supervisor.worker.timeout.secs" 30, "nimbus.file.copy.expiration.secs" 600, "drpc.request.timeout.secs" 600, "storm.local.mode.zmq" false, "ui.port" 8080, "nimbus.childopts" "-Xmx1024m", "storm.cluster.mode" "distributed", "topology.optimize" true, "topology.max.task.parallelism" nil}
2013-02-13 19:19:43 CuratorFrameworkImpl [INFO] Starting
2013-02-13 19:19:43 ZooKeeper [INFO] Initiating client connection, connectString=storm0:2181 sessionTimeout=20000 watcher=com.netflix.curator.ConnectionState@7691a4fb
2013-02-13 19:19:43 ClientCnxn [INFO] Opening socket connection to server storm0/192.168.1.67:2181
2013-02-13 19:19:43 ClientCnxn [INFO] Socket connection established to storm0/192.168.1.67:2181, initiating session
2013-02-13 19:19:43 ClientCnxn [INFO] Session establishment complete on server storm0/192.168.1.67:2181, sessionid = 0x13cd6b430e7000a, negotiated timeout = 20000
2013-02-13 19:19:43 zookeeper [INFO] Zookeeper state update: :connected:none
2013-02-13 19:19:43 ClientCnxn [INFO] EventThread shut down
2013-02-13 19:19:43 ZooKeeper [INFO] Session: 0x13cd6b430e7000a closed
2013-02-13 19:19:43 CuratorFrameworkImpl [INFO] Starting
2013-02-13 19:19:43 ZooKeeper [INFO] Initiating client connection, connectString=storm0:2181/storm sessionTimeout=20000 watcher=com.netflix.curator.ConnectionState@4ef18d37
2013-02-13 19:19:43 ClientCnxn [INFO] Opening socket connection to server storm0/192.168.1.67:2181
2013-02-13 19:19:43 ClientCnxn [INFO] Socket connection established to storm0/192.168.1.67:2181, initiating session
2013-02-13 19:19:43 ClientCnxn [INFO] Session establishment complete on server storm0/192.168.1.67:2181, sessionid = 0x13cd6b430e7000c, negotiated timeout = 20000
2013-02-13 19:19:44 executor [INFO] Loading executor spout:[14 14]
2013-02-13 19:19:44 executor [INFO] Loaded executor tasks spout:[14 14]
2013-02-13 19:19:44 executor [INFO] Finished loading executor spout:[14 14]
2013-02-13 19:19:44 worker [INFO] Launching receive-thread for 257b9c14-71de-427a-9605-54fd5540e097:6700
2013-02-13 19:19:44 executor [INFO] Opening spout spout:(14)
2013-02-13 19:19:44 executor [INFO] Opened spout spout:(14)
2013-02-13 19:19:44 executor [INFO] Activating spout spout:(14)
2013-02-13 19:19:44 worker [INFO] Worker has topology config {"storm.id" "TestPerf1-1-1360800462", "dev.zookeeper.path" "/tmp/dev-storm-zookeeper", "topology.tick.tuple.freq.secs" nil, "topology.fall.back.on.java.serialization" true, "topology.max.error.report.per.interval" 5, "zmq.linger.millis" 5000, "topology.skip.missing.kryo.registrations" false, "ui.childopts" "-Xmx768m", "storm.zookeeper.session.timeout" 20000, "nimbus.reassign" true, "topology.trident.batch.emit.interval.millis" 500, "nimbus.monitor.freq.secs" 10, "java.library.path" "/usr/local/lib:/opt/local/lib:/usr/lib:/home/dc/storm/storm-0.8.2/lib:/usr/lib64", "topology.executor.send.buffer.size" 1024, "storm.local.dir" "/home/dc/storm/storm-0.8.2", "supervisor.worker.start.timeout.secs" 120, "topology.enable.message.timeouts" true, "nimbus.cleanup.inbox.freq.secs" 600, "nimbus.inbox.jar.expiration.secs" 3600, "drpc.worker.threads" 64, "topology.worker.shared.thread.pool.size" 4, "nimbus.host" "storm0", "storm.zookeeper.port" 2181, "transactional.zookeeper.port" nil, "topology.executor.receive.buffer.size" 1024, "transactional.zookeeper.servers" nil, "storm.zookeeper.root" "/storm", "supervisor.enable" true, "storm.zookeeper.servers" ["storm0"], "transactional.zookeeper.root" "/transactional", "topology.acker.executors" 0, "topology.kryo.decorators" (), "topology.name" "TestPerf1", "topology.transfer.buffer.size" 1024, "topology.worker.childopts" nil, "drpc.queue.size" 128, "worker.childopts" "-Xmx768m", "supervisor.heartbeat.frequency.secs" 5, "topology.error.throttle.interval.secs" 10, "zmq.hwm" 0, "drpc.port" 3772, "supervisor.monitor.frequency.secs" 3, "topology.receiver.buffer.size" 8, "task.heartbeat.frequency.secs" 3, "topology.tasks" nil, "topology.spout.wait.strategy" "backtype.storm.spout.SleepSpoutWaitStrategy", "topology.max.spout.pending" nil, "storm.zookeeper.retry.interval" 1000, "topology.sleep.spout.wait.strategy.time.ms" 1, "nimbus.topology.validator" "backtype.storm.nimbus.DefaultTopologyValidator", "supervisor.slots.ports" [6700 6701 6702 6703 6704], "topology.debug" false, "nimbus.task.launch.secs" 120, "nimbus.supervisor.timeout.secs" 60, "topology.kryo.register" nil, "topology.message.timeout.secs" 30, "task.refresh.poll.secs" 10, "topology.workers" 10, "supervisor.childopts" "-Xmx256m", "nimbus.thrift.port" 6627, "topology.stats.sample.rate" 0.05, "worker.heartbeat.frequency.secs" 1, "topology.acker.tasks" nil, "topology.disruptor.wait.strategy" "com.lmax.disruptor.BlockingWaitStrategy", "nimbus.task.timeout.secs" 30, "storm.zookeeper.connection.timeout" 15000, "topology.kryo.factory" "backtype.storm.serialization.DefaultKryoFactory", "drpc.invocations.port" 3773, "zmq.threads" 1, "storm.zookeeper.retry.times" 5, "topology.state.synchronization.timeout.secs" 60, "supervisor.worker.timeout.secs" 30, "nimbus.file.copy.expiration.secs" 600, "drpc.request.timeout.secs" 600, "storm.local.mode.zmq" false, "ui.port" 8080, "nimbus.childopts" "-Xmx1024m", "storm.cluster.mode" "distributed", "topology.optimize" true, "topology.max.task.parallelism" nil}
2013-02-13 19:19:44 worker [INFO] Worker 125b8e72-78bd-4b12-abe0-1e2609afe1a8 for storm TestPerf1-1-1360800462 on 257b9c14-71de-427a-9605-54fd5540e097:6700 has finished loading
2013-02-13 19:20:50 ZooKeeper [INFO] Client environment:zookeeper.version=3.3.3-1073969, built on 02/23/2011 22:27 GMT
2013-02-13 19:20:50 ZooKeeper [INFO] Client environment:host.name=storm0
2013-02-13 19:20:50 ZooKeeper [INFO] Client environment:java.version=1.6.0_38
2013-02-13 19:20:50 ZooKeeper [INFO] Client environment:java.vendor=Sun Microsystems Inc.
2013-02-13 19:20:50 ZooKeeper [INFO] Client environment:java.home=/home/dc/jdk1.6.0_38/jre
2013-02-13 19:20:50 ZooKeeper [INFO] Client environment:java.class.path=/home/dc/storm/storm-0.8.2/storm-0.8.2.jar:/home/dc/storm/storm-0.8.2/lib/clout-1.0.1.jar:/home/dc/storm/storm-0.8.2/lib/tools.macro-0.1.0.jar:/home/dc/storm/storm-0.8.2/lib/commons-logging-1.1.1.jar:/home/dc/storm/storm-0.8.2/lib/core.incubator-0.1.0.jar:/home/dc/storm/storm-0.8.2/lib/commons-fileupload-1.2.1.jar:/home/dc/storm/storm-0.8.2/lib/servlet-api-2.5.jar:/home/dc/storm/storm-0.8.2/lib/snakeyaml-1.9.jar:/home/dc/storm/storm-0.8.2/lib/minlog-1.2.jar:/home/dc/storm/storm-0.8.2/lib/commons-exec-1.1.jar:/home/dc/storm/storm-0.8.2/lib/hiccup-0.3.6.jar:/home/dc/storm/storm-0.8.2/lib/clojure-1.4.0.jar:/home/dc/storm/storm-0.8.2/lib/zookeeper-3.3.3.jar:/home/dc/storm/storm-0.8.2/lib/servlet-api-2.5-20081211.jar:/home/dc/storm/storm-0.8.2/lib/compojure-1.1.3.jar:/home/dc/storm/storm-0.8.2/lib/ring-jetty-adapter-0.3.11.jar:/home/dc/storm/storm-0.8.2/lib/curator-client-1.0.1.jar:/home/dc/storm/storm-0.8.2/lib/ring-servlet-0.3.11.jar:/home/dc/storm/storm-0.8.2/lib/carbonite-1.5.0.jar:/home/dc/storm/storm-0.8.2/lib/slf4j-api-1.5.8.jar:/home/dc/storm/storm-0.8.2/lib/kryo-2.17.jar:/home/dc/storm/storm-0.8.2/lib/asm-4.0.jar:/home/dc/storm/storm-0.8.2/lib/commons-codec-1.4.jar:/home/dc/storm/storm-0.8.2/lib/httpcore-4.1.jar:/home/dc/storm/storm-0.8.2/lib/jline-0.9.94.jar:/home/dc/storm/storm-0.8.2/lib/commons-lang-2.5.jar:/home/dc/storm/storm-0.8.2/lib/tools.cli-0.2.2.jar:/home/dc/storm/storm-0.8.2/lib/libthrift7-0.7.0.jar:/home/dc/storm/storm-0.8.2/lib/math.numeric-tower-0.0.1.jar:/home/dc/storm/storm-0.8.2/lib/jetty-util-6.1.26.jar:/home/dc/storm/storm-0.8.2/lib/curator-framework-1.0.1.jar:/home/dc/storm/storm-0.8.2/lib/junit-3.8.1.jar:/home/dc/storm/storm-0.8.2/lib/clj-time-0.4.1.jar:/home/dc/storm/storm-0.8.2/lib/reflectasm-1.07-shaded.jar:/home/dc/storm/storm-0.8.2/lib/commons-io-1.4.jar:/home/dc/storm/storm-0.8.2/lib/objenesis-1.2.jar:/home/dc/storm/storm-0.8.2/lib/json-simple-1.1.jar:/home/dc/storm/storm-0.8.2/lib/jzmq-2.1.0.jar:/home/dc/storm/storm-0.8.2/lib/jetty-6.1.26.jar:/home/dc/storm/storm-0.8.2/lib/guava-13.0.jar:/home/dc/storm/storm-0.8.2/lib/slf4j-log4j12-1.5.8.jar:/home/dc/storm/storm-0.8.2/lib/jgrapht-0.8.3.jar:/home/dc/storm/storm-0.8.2/lib/log4j-1.2.16.jar:/home/dc/storm/storm-0.8.2/lib/tools.logging-0.2.3.jar:/home/dc/storm/storm-0.8.2/lib/httpclient-4.1.1.jar:/home/dc/storm/storm-0.8.2/lib/joda-time-2.0.jar:/home/dc/storm/storm-0.8.2/lib/ring-core-1.1.5.jar:/home/dc/storm/storm-0.8.2/lib/disruptor-2.10.1.jar:/home/dc/storm/storm-0.8.2/log4j:/home/dc/storm/storm-0.8.2/conf:/home/dc/storm/storm-0.8.2/supervisor/stormdist/TestPerf1-1-1360812041/stormjar.jar
2013-02-13 19:20:50 ZooKeeper [INFO] Client environment:java.library.path=/usr/local/lib:/opt/local/lib:/usr/lib:/home/dc/storm/storm-0.8.2/lib:/usr/lib64
2013-02-13 19:20:50 ZooKeeper [INFO] Client environment:java.io.tmpdir=/tmp
2013-02-13 19:20:50 ZooKeeper [INFO] Client environment:java.compiler=<NA>
2013-02-13 19:20:50 ZooKeeper [INFO] Client environment:os.name=Linux
2013-02-13 19:20:50 ZooKeeper [INFO] Client environment:os.arch=amd64
2013-02-13 19:20:50 ZooKeeper [INFO] Client environment:os.version=2.6.32-279.19.1.el6.x86_64
2013-02-13 19:20:50 ZooKeeper [INFO] Client environment:user.name=dc
2013-02-13 19:20:50 ZooKeeper [INFO] Client environment:user.home=/home/dc
2013-02-13 19:20:50 ZooKeeper [INFO] Client environment:user.dir=/home/dc/storm
2013-02-13 19:20:50 ZooKeeperServer [INFO] Server environment:zookeeper.version=3.3.3-1073969, built on 02/23/2011 22:27 GMT
2013-02-13 19:20:50 ZooKeeperServer [INFO] Server environment:host.name=storm0
2013-02-13 19:20:50 ZooKeeperServer [INFO] Server environment:java.version=1.6.0_38
2013-02-13 19:20:50 ZooKeeperServer [INFO] Server environment:java.vendor=Sun Microsystems Inc.
2013-02-13 19:20:50 ZooKeeperServer [INFO] Server environment:java.home=/home/dc/jdk1.6.0_38/jre
2013-02-13 19:20:50 ZooKeeperServer [INFO] Server environment:java.class.path=/home/dc/storm/storm-0.8.2/storm-0.8.2.jar:/home/dc/storm/storm-0.8.2/lib/clout-1.0.1.jar:/home/dc/storm/storm-0.8.2/lib/tools.macro-0.1.0.jar:/home/dc/storm/storm-0.8.2/lib/commons-logging-1.1.1.jar:/home/dc/storm/storm-0.8.2/lib/core.incubator-0.1.0.jar:/home/dc/storm/storm-0.8.2/lib/commons-fileupload-1.2.1.jar:/home/dc/storm/storm-0.8.2/lib/servlet-api-2.5.jar:/home/dc/storm/storm-0.8.2/lib/snakeyaml-1.9.jar:/home/dc/storm/storm-0.8.2/lib/minlog-1.2.jar:/home/dc/storm/storm-0.8.2/lib/commons-exec-1.1.jar:/home/dc/storm/storm-0.8.2/lib/hiccup-0.3.6.jar:/home/dc/storm/storm-0.8.2/lib/clojure-1.4.0.jar:/home/dc/storm/storm-0.8.2/lib/zookeeper-3.3.3.jar:/home/dc/storm/storm-0.8.2/lib/servlet-api-2.5-20081211.jar:/home/dc/storm/storm-0.8.2/lib/compojure-1.1.3.jar:/home/dc/storm/storm-0.8.2/lib/ring-jetty-adapter-0.3.11.jar:/home/dc/storm/storm-0.8.2/lib/curator-client-1.0.1.jar:/home/dc/storm/storm-0.8.2/lib/ring-servlet-0.3.11.jar:/home/dc/storm/storm-0.8.2/lib/carbonite-1.5.0.jar:/home/dc/storm/storm-0.8.2/lib/slf4j-api-1.5.8.jar:/home/dc/storm/storm-0.8.2/lib/kryo-2.17.jar:/home/dc/storm/storm-0.8.2/lib/asm-4.0.jar:/home/dc/storm/storm-0.8.2/lib/commons-codec-1.4.jar:/home/dc/storm/storm-0.8.2/lib/httpcore-4.1.jar:/home/dc/storm/storm-0.8.2/lib/jline-0.9.94.jar:/home/dc/storm/storm-0.8.2/lib/commons-lang-2.5.jar:/home/dc/storm/storm-0.8.2/lib/tools.cli-0.2.2.jar:/home/dc/storm/storm-0.8.2/lib/libthrift7-0.7.0.jar:/home/dc/storm/storm-0.8.2/lib/math.numeric-tower-0.0.1.jar:/home/dc/storm/storm-0.8.2/lib/jetty-util-6.1.26.jar:/home/dc/storm/storm-0.8.2/lib/curator-framework-1.0.1.jar:/home/dc/storm/storm-0.8.2/lib/junit-3.8.1.jar:/home/dc/storm/storm-0.8.2/lib/clj-time-0.4.1.jar:/home/dc/storm/storm-0.8.2/lib/reflectasm-1.07-shaded.jar:/home/dc/storm/storm-0.8.2/lib/commons-io-1.4.jar:/home/dc/storm/storm-0.8.2/lib/objenesis-1.2.jar:/home/dc/storm/storm-0.8.2/lib/json-simple-1.1.jar:/home/dc/storm/storm-0.8.2/lib/jzmq-2.1.0.jar:/home/dc/storm/storm-0.8.2/lib/jetty-6.1.26.jar:/home/dc/storm/storm-0.8.2/lib/guava-13.0.jar:/home/dc/storm/storm-0.8.2/lib/slf4j-log4j12-1.5.8.jar:/home/dc/storm/storm-0.8.2/lib/jgrapht-0.8.3.jar:/home/dc/storm/storm-0.8.2/lib/log4j-1.2.16.jar:/home/dc/storm/storm-0.8.2/lib/tools.logging-0.2.3.jar:/home/dc/storm/storm-0.8.2/lib/httpclient-4.1.1.jar:/home/dc/storm/storm-0.8.2/lib/joda-time-2.0.jar:/home/dc/storm/storm-0.8.2/lib/ring-core-1.1.5.jar:/home/dc/storm/storm-0.8.2/lib/disruptor-2.10.1.jar:/home/dc/storm/storm-0.8.2/log4j:/home/dc/storm/storm-0.8.2/conf:/home/dc/storm/storm-0.8.2/supervisor/stormdist/TestPerf1-1-1360812041/stormjar.jar
2013-02-13 19:20:50 ZooKeeperServer [INFO] Server environment:java.library.path=/usr/local/lib:/opt/local/lib:/usr/lib:/home/dc/storm/storm-0.8.2/lib:/usr/lib64
2013-02-13 19:20:50 ZooKeeperServer [INFO] Server environment:java.io.tmpdir=/tmp
2013-02-13 19:20:50 ZooKeeperServer [INFO] Server environment:java.compiler=<NA>
2013-02-13 19:20:50 ZooKeeperServer [INFO] Server environment:os.name=Linux
2013-02-13 19:20:50 ZooKeeperServer [INFO] Server environment:os.arch=amd64
2013-02-13 19:20:50 ZooKeeperServer [INFO] Server environment:os.version=2.6.32-279.19.1.el6.x86_64
2013-02-13 19:20:50 ZooKeeperServer [INFO] Server environment:user.name=dc
2013-02-13 19:20:50 ZooKeeperServer [INFO] Server environment:user.home=/home/dc
2013-02-13 19:20:50 ZooKeeperServer [INFO] Server environment:user.dir=/home/dc/storm
2013-02-13 19:20:52 worker [INFO] Launching worker for TestPerf1-1-1360812041 on 257b9c14-71de-427a-9605-54fd5540e097:6700 with id fa73b1d9-76b0-4cfb-b4b9-fce08d40fc04 and conf {"dev.zookeeper.path" "/tmp/dev-storm-zookeeper", "topology.tick.tuple.freq.secs" nil, "topology.fall.back.on.java.serialization" true, "topology.max.error.report.per.interval" 5, "zmq.linger.millis" 5000, "topology.skip.missing.kryo.registrations" false, "ui.childopts" "-Xmx768m", "storm.zookeeper.session.timeout" 20000, "nimbus.reassign" true, "topology.trident.batch.emit.interval.millis" 500, "nimbus.monitor.freq.secs" 10, "java.library.path" "/usr/local/lib:/opt/local/lib:/usr/lib:/home/dc/storm/storm-0.8.2/lib:/usr/lib64", "topology.executor.send.buffer.size" 1024, "storm.local.dir" "/home/dc/storm/storm-0.8.2", "supervisor.worker.start.timeout.secs" 120, "topology.enable.message.timeouts" true, "nimbus.cleanup.inbox.freq.secs" 600, "nimbus.inbox.jar.expiration.secs" 3600, "drpc.worker.threads" 64, "topology.worker.shared.thread.pool.size" 4, "nimbus.host" "storm0", "storm.zookeeper.port" 2181, "transactional.zookeeper.port" nil, "topology.executor.receive.buffer.size" 1024, "transactional.zookeeper.servers" nil, "storm.zookeeper.root" "/storm", "supervisor.enable" true, "storm.zookeeper.servers" ["storm0"], "transactional.zookeeper.root" "/transactional", "topology.acker.executors" 1, "topology.transfer.buffer.size" 1024, "topology.worker.childopts" nil, "drpc.queue.size" 128, "worker.childopts" "-Xmx768m", "supervisor.heartbeat.frequency.secs" 5, "topology.error.throttle.interval.secs" 10, "zmq.hwm" 0, "drpc.port" 3772, "supervisor.monitor.frequency.secs" 3, "topology.receiver.buffer.size" 8, "task.heartbeat.frequency.secs" 3, "topology.tasks" nil, "topology.spout.wait.strategy" "backtype.storm.spout.SleepSpoutWaitStrategy", "topology.max.spout.pending" nil, "storm.zookeeper.retry.interval" 1000, "topology.sleep.spout.wait.strategy.time.ms" 1, "nimbus.topology.validator" "backtype.storm.nimbus.DefaultTopologyValidator", "supervisor.slots.ports" [6700 6701 6702 6703 6704], "topology.debug" false, "nimbus.task.launch.secs" 120, "nimbus.supervisor.timeout.secs" 60, "topology.message.timeout.secs" 30, "task.refresh.poll.secs" 10, "topology.workers" 1, "supervisor.childopts" "-Xmx256m", "nimbus.thrift.port" 6627, "topology.stats.sample.rate" 0.05, "worker.heartbeat.frequency.secs" 1, "topology.acker.tasks" nil, "topology.disruptor.wait.strategy" "com.lmax.disruptor.BlockingWaitStrategy", "nimbus.task.timeout.secs" 30, "storm.zookeeper.connection.timeout" 15000, "topology.kryo.factory" "backtype.storm.serialization.DefaultKryoFactory", "drpc.invocations.port" 3773, "zmq.threads" 1, "storm.zookeeper.retry.times" 5, "topology.state.synchronization.timeout.secs" 60, "supervisor.worker.timeout.secs" 30, "nimbus.file.copy.expiration.secs" 600, "drpc.request.timeout.secs" 600, "storm.local.mode.zmq" false, "ui.port" 8080, "nimbus.childopts" "-Xmx1024m", "storm.cluster.mode" "distributed", "topology.optimize" true, "topology.max.task.parallelism" nil}
2013-02-13 19:20:52 CuratorFrameworkImpl [INFO] Starting
2013-02-13 19:20:52 ZooKeeper [INFO] Initiating client connection, connectString=storm0:2181 sessionTimeout=20000 watcher=com.netflix.curator.ConnectionState@28996b65
2013-02-13 19:20:52 ClientCnxn [INFO] Opening socket connection to server storm0/192.168.1.67:2181
2013-02-13 19:20:53 ClientCnxn [INFO] Socket connection established to storm0/192.168.1.67:2181, initiating session
2013-02-13 19:20:53 ClientCnxn [INFO] Session establishment complete on server storm0/192.168.1.67:2181, sessionid = 0x13cd6b430e7000e, negotiated timeout = 20000
2013-02-13 19:20:53 zookeeper [INFO] Zookeeper state update: :connected:none
2013-02-13 19:20:53 ZooKeeper [INFO] Session: 0x13cd6b430e7000e closed
2013-02-13 19:20:53 ClientCnxn [INFO] EventThread shut down
2013-02-13 19:20:53 CuratorFrameworkImpl [INFO] Starting
2013-02-13 19:20:53 ZooKeeper [INFO] Initiating client connection, connectString=storm0:2181/storm sessionTimeout=20000 watcher=com.netflix.curator.ConnectionState@506937f9
2013-02-13 19:20:53 ClientCnxn [INFO] Opening socket connection to server storm0/192.168.1.67:2181
2013-02-13 19:20:53 ClientCnxn [INFO] Socket connection established to storm0/192.168.1.67:2181, initiating session
2013-02-13 19:20:53 ClientCnxn [INFO] Session establishment complete on server storm0/192.168.1.67:2181, sessionid = 0x13cd6b430e7000f, negotiated timeout = 20000
2013-02-13 19:20:54 executor [INFO] Loading executor spout:[15 15]
2013-02-13 19:20:54 executor [INFO] Loaded executor tasks spout:[15 15]
2013-02-13 19:20:54 executor [INFO] Finished loading executor spout:[15 15]
2013-02-13 19:20:54 executor [INFO] Opening spout spout:(15)
2013-02-13 19:20:54 executor [INFO] Opened spout spout:(15)
2013-02-13 19:20:54 executor [INFO] Activating spout spout:(15)
2013-02-13 19:20:54 executor [INFO] Loading executor bolt:[9 10]
2013-02-13 19:20:54 executor [INFO] Loaded executor tasks bolt:[9 10]
2013-02-13 19:20:54 executor [INFO] Finished loading executor bolt:[9 10]
2013-02-13 19:20:54 executor [INFO] Preparing bolt bolt:(9 10)
2013-02-13 19:20:54 worker [INFO] Launching receive-thread for 257b9c14-71de-427a-9605-54fd5540e097:6700
2013-02-13 19:20:54 executor [INFO] Prepared bolt bolt:(9 10)
2013-02-13 19:20:55 worker [INFO] Worker has topology config {"storm.id" "TestPerf1-1-1360812041", "dev.zookeeper.path" "/tmp/dev-storm-zookeeper", "topology.tick.tuple.freq.secs" nil, "topology.fall.back.on.java.serialization" true, "topology.max.error.report.per.interval" 5, "zmq.linger.millis" 5000, "topology.skip.missing.kryo.registrations" false, "ui.childopts" "-Xmx768m", "storm.zookeeper.session.timeout" 20000, "nimbus.reassign" true, "topology.trident.batch.emit.interval.millis" 500, "nimbus.monitor.freq.secs" 10, "java.library.path" "/usr/local/lib:/opt/local/lib:/usr/lib:/home/dc/storm/storm-0.8.2/lib:/usr/lib64", "topology.executor.send.buffer.size" 1024, "storm.local.dir" "/home/dc/storm/storm-0.8.2", "supervisor.worker.start.timeout.secs" 120, "topology.enable.message.timeouts" true, "nimbus.cleanup.inbox.freq.secs" 600, "nimbus.inbox.jar.expiration.secs" 3600, "drpc.worker.threads" 64, "topology.worker.shared.thread.pool.size" 4, "nimbus.host" "storm0", "storm.zookeeper.port" 2181, "transactional.zookeeper.port" nil, "topology.executor.receive.buffer.size" 1024, "transactional.zookeeper.servers" nil, "storm.zookeeper.root" "/storm", "supervisor.enable" true, "storm.zookeeper.servers" ["storm0"], "transactional.zookeeper.root" "/transactional", "topology.acker.executors" 0, "topology.kryo.decorators" (), "topology.name" "TestPerf1", "topology.transfer.buffer.size" 1024, "topology.worker.childopts" nil, "drpc.queue.size" 128, "worker.childopts" "-Xmx768m", "supervisor.heartbeat.frequency.secs" 5, "topology.error.throttle.interval.secs" 10, "zmq.hwm" 0, "drpc.port" 3772, "supervisor.monitor.frequency.secs" 3, "topology.receiver.buffer.size" 8, "task.heartbeat.frequency.secs" 3, "topology.tasks" nil, "topology.spout.wait.strategy" "backtype.storm.spout.SleepSpoutWaitStrategy", "topology.max.spout.pending" nil, "storm.zookeeper.retry.interval" 1000, "topology.sleep.spout.wait.strategy.time.ms" 1, "nimbus.topology.validator" "backtype.storm.nimbus.DefaultTopologyValidator", "supervisor.slots.ports" [6700 6701 6702 6703 6704], "topology.debug" false, "nimbus.task.launch.secs" 120, "nimbus.supervisor.timeout.secs" 60, "topology.kryo.register" nil, "topology.message.timeout.secs" 30, "task.refresh.poll.secs" 10, "topology.workers" 10, "supervisor.childopts" "-Xmx256m", "nimbus.thrift.port" 6627, "topology.stats.sample.rate" 0.05, "worker.heartbeat.frequency.secs" 1, "topology.acker.tasks" nil, "topology.disruptor.wait.strategy" "com.lmax.disruptor.BlockingWaitStrategy", "nimbus.task.timeout.secs" 30, "storm.zookeeper.connection.timeout" 15000, "topology.kryo.factory" "backtype.storm.serialization.DefaultKryoFactory", "drpc.invocations.port" 3773, "zmq.threads" 1, "storm.zookeeper.retry.times" 5, "topology.state.synchronization.timeout.secs" 60, "supervisor.worker.timeout.secs" 30, "nimbus.file.copy.expiration.secs" 600, "drpc.request.timeout.secs" 600, "storm.local.mode.zmq" false, "ui.port" 8080, "nimbus.childopts" "-Xmx1024m", "storm.cluster.mode" "distributed", "topology.optimize" true, "topology.max.task.parallelism" nil}
2013-02-13 19:20:55 worker [INFO] Worker fa73b1d9-76b0-4cfb-b4b9-fce08d40fc04 for storm TestPerf1-1-1360812041 on 257b9c14-71de-427a-9605-54fd5540e097:6700 has finished loading
2013-02-13 19:44:18 ZooKeeper [INFO] Client environment:zookeeper.version=3.3.3-1073969, built on 02/23/2011 22:27 GMT
2013-02-13 19:44:18 ZooKeeper [INFO] Client environment:host.name=storm0
2013-02-13 19:44:18 ZooKeeper [INFO] Client environment:java.version=1.6.0_38
2013-02-13 19:44:18 ZooKeeper [INFO] Client environment:java.vendor=Sun Microsystems Inc.
2013-02-13 19:44:18 ZooKeeper [INFO] Client environment:java.home=/home/dc/jdk1.6.0_38/jre
2013-02-13 19:44:18 ZooKeeper [INFO] Client environment:java.class.path=/home/dc/storm/storm-0.8.2/storm-0.8.2.jar:/home/dc/storm/storm-0.8.2/lib/clout-1.0.1.jar:/home/dc/storm/storm-0.8.2/lib/tools.macro-0.1.0.jar:/home/dc/storm/storm-0.8.2/lib/commons-logging-1.1.1.jar:/home/dc/storm/storm-0.8.2/lib/core.incubator-0.1.0.jar:/home/dc/storm/storm-0.8.2/lib/commons-fileupload-1.2.1.jar:/home/dc/storm/storm-0.8.2/lib/servlet-api-2.5.jar:/home/dc/storm/storm-0.8.2/lib/snakeyaml-1.9.jar:/home/dc/storm/storm-0.8.2/lib/minlog-1.2.jar:/home/dc/storm/storm-0.8.2/lib/commons-exec-1.1.jar:/home/dc/storm/storm-0.8.2/lib/hiccup-0.3.6.jar:/home/dc/storm/storm-0.8.2/lib/clojure-1.4.0.jar:/home/dc/storm/storm-0.8.2/lib/zookeeper-3.3.3.jar:/home/dc/storm/storm-0.8.2/lib/servlet-api-2.5-20081211.jar:/home/dc/storm/storm-0.8.2/lib/compojure-1.1.3.jar:/home/dc/storm/storm-0.8.2/lib/ring-jetty-adapter-0.3.11.jar:/home/dc/storm/storm-0.8.2/lib/curator-client-1.0.1.jar:/home/dc/storm/storm-0.8.2/lib/ring-servlet-0.3.11.jar:/home/dc/storm/storm-0.8.2/lib/carbonite-1.5.0.jar:/home/dc/storm/storm-0.8.2/lib/slf4j-api-1.5.8.jar:/home/dc/storm/storm-0.8.2/lib/kryo-2.17.jar:/home/dc/storm/storm-0.8.2/lib/asm-4.0.jar:/home/dc/storm/storm-0.8.2/lib/commons-codec-1.4.jar:/home/dc/storm/storm-0.8.2/lib/httpcore-4.1.jar:/home/dc/storm/storm-0.8.2/lib/jline-0.9.94.jar:/home/dc/storm/storm-0.8.2/lib/commons-lang-2.5.jar:/home/dc/storm/storm-0.8.2/lib/tools.cli-0.2.2.jar:/home/dc/storm/storm-0.8.2/lib/libthrift7-0.7.0.jar:/home/dc/storm/storm-0.8.2/lib/math.numeric-tower-0.0.1.jar:/home/dc/storm/storm-0.8.2/lib/jetty-util-6.1.26.jar:/home/dc/storm/storm-0.8.2/lib/curator-framework-1.0.1.jar:/home/dc/storm/storm-0.8.2/lib/junit-3.8.1.jar:/home/dc/storm/storm-0.8.2/lib/clj-time-0.4.1.jar:/home/dc/storm/storm-0.8.2/lib/reflectasm-1.07-shaded.jar:/home/dc/storm/storm-0.8.2/lib/commons-io-1.4.jar:/home/dc/storm/storm-0.8.2/lib/objenesis-1.2.jar:/home/dc/storm/storm-0.8.2/lib/json-simple-1.1.jar:/home/dc/storm/storm-0.8.2/lib/jzmq-2.1.0.jar:/home/dc/storm/storm-0.8.2/lib/jetty-6.1.26.jar:/home/dc/storm/storm-0.8.2/lib/guava-13.0.jar:/home/dc/storm/storm-0.8.2/lib/slf4j-log4j12-1.5.8.jar:/home/dc/storm/storm-0.8.2/lib/jgrapht-0.8.3.jar:/home/dc/storm/storm-0.8.2/lib/log4j-1.2.16.jar:/home/dc/storm/storm-0.8.2/lib/tools.logging-0.2.3.jar:/home/dc/storm/storm-0.8.2/lib/httpclient-4.1.1.jar:/home/dc/storm/storm-0.8.2/lib/joda-time-2.0.jar:/home/dc/storm/storm-0.8.2/lib/ring-core-1.1.5.jar:/home/dc/storm/storm-0.8.2/lib/disruptor-2.10.1.jar:/home/dc/storm/storm-0.8.2/log4j:/home/dc/storm/storm-0.8.2/conf:/home/dc/storm/storm-0.8.2/supervisor/stormdist/TestPerf1-1-1360812041/stormjar.jar
2013-02-13 19:44:18 ZooKeeper [INFO] Client environment:java.library.path=/usr/local/lib:/opt/local/lib:/usr/lib:/home/dc/storm/storm-0.8.2/lib:/usr/lib64
2013-02-13 19:44:18 ZooKeeper [INFO] Client environment:java.io.tmpdir=/tmp
2013-02-13 19:44:18 ZooKeeper [INFO] Client environment:java.compiler=<NA>
2013-02-13 19:44:18 ZooKeeper [INFO] Client environment:os.name=Linux
2013-02-13 19:44:18 ZooKeeper [INFO] Client environment:os.arch=amd64
2013-02-13 19:44:18 ZooKeeper [INFO] Client environment:os.version=2.6.32-279.19.1.el6.x86_64
2013-02-13 19:44:18 ZooKeeper [INFO] Client environment:user.name=dc
2013-02-13 19:44:18 ZooKeeper [INFO] Client environment:user.home=/home/dc
2013-02-13 19:44:18 ZooKeeper [INFO] Client environment:user.dir=/home/dc/storm
2013-02-13 19:44:18 ZooKeeperServer [INFO] Server environment:zookeeper.version=3.3.3-1073969, built on 02/23/2011 22:27 GMT
2013-02-13 19:44:18 ZooKeeperServer [INFO] Server environment:host.name=storm0
2013-02-13 19:44:18 ZooKeeperServer [INFO] Server environment:java.version=1.6.0_38
2013-02-13 19:44:18 ZooKeeperServer [INFO] Server environment:java.vendor=Sun Microsystems Inc.
2013-02-13 19:44:18 ZooKeeperServer [INFO] Server environment:java.home=/home/dc/jdk1.6.0_38/jre
2013-02-13 19:44:18 ZooKeeperServer [INFO] Server environment:java.class.path=/home/dc/storm/storm-0.8.2/storm-0.8.2.jar:/home/dc/storm/storm-0.8.2/lib/clout-1.0.1.jar:/home/dc/storm/storm-0.8.2/lib/tools.macro-0.1.0.jar:/home/dc/storm/storm-0.8.2/lib/commons-logging-1.1.1.jar:/home/dc/storm/storm-0.8.2/lib/core.incubator-0.1.0.jar:/home/dc/storm/storm-0.8.2/lib/commons-fileupload-1.2.1.jar:/home/dc/storm/storm-0.8.2/lib/servlet-api-2.5.jar:/home/dc/storm/storm-0.8.2/lib/snakeyaml-1.9.jar:/home/dc/storm/storm-0.8.2/lib/minlog-1.2.jar:/home/dc/storm/storm-0.8.2/lib/commons-exec-1.1.jar:/home/dc/storm/storm-0.8.2/lib/hiccup-0.3.6.jar:/home/dc/storm/storm-0.8.2/lib/clojure-1.4.0.jar:/home/dc/storm/storm-0.8.2/lib/zookeeper-3.3.3.jar:/home/dc/storm/storm-0.8.2/lib/servlet-api-2.5-20081211.jar:/home/dc/storm/storm-0.8.2/lib/compojure-1.1.3.jar:/home/dc/storm/storm-0.8.2/lib/ring-jetty-adapter-0.3.11.jar:/home/dc/storm/storm-0.8.2/lib/curator-client-1.0.1.jar:/home/dc/storm/storm-0.8.2/lib/ring-servlet-0.3.11.jar:/home/dc/storm/storm-0.8.2/lib/carbonite-1.5.0.jar:/home/dc/storm/storm-0.8.2/lib/slf4j-api-1.5.8.jar:/home/dc/storm/storm-0.8.2/lib/kryo-2.17.jar:/home/dc/storm/storm-0.8.2/lib/asm-4.0.jar:/home/dc/storm/storm-0.8.2/lib/commons-codec-1.4.jar:/home/dc/storm/storm-0.8.2/lib/httpcore-4.1.jar:/home/dc/storm/storm-0.8.2/lib/jline-0.9.94.jar:/home/dc/storm/storm-0.8.2/lib/commons-lang-2.5.jar:/home/dc/storm/storm-0.8.2/lib/tools.cli-0.2.2.jar:/home/dc/storm/storm-0.8.2/lib/libthrift7-0.7.0.jar:/home/dc/storm/storm-0.8.2/lib/math.numeric-tower-0.0.1.jar:/home/dc/storm/storm-0.8.2/lib/jetty-util-6.1.26.jar:/home/dc/storm/storm-0.8.2/lib/curator-framework-1.0.1.jar:/home/dc/storm/storm-0.8.2/lib/junit-3.8.1.jar:/home/dc/storm/storm-0.8.2/lib/clj-time-0.4.1.jar:/home/dc/storm/storm-0.8.2/lib/reflectasm-1.07-shaded.jar:/home/dc/storm/storm-0.8.2/lib/commons-io-1.4.jar:/home/dc/storm/storm-0.8.2/lib/objenesis-1.2.jar:/home/dc/storm/storm-0.8.2/lib/json-simple-1.1.jar:/home/dc/storm/storm-0.8.2/lib/jzmq-2.1.0.jar:/home/dc/storm/storm-0.8.2/lib/jetty-6.1.26.jar:/home/dc/storm/storm-0.8.2/lib/guava-13.0.jar:/home/dc/storm/storm-0.8.2/lib/slf4j-log4j12-1.5.8.jar:/home/dc/storm/storm-0.8.2/lib/jgrapht-0.8.3.jar:/home/dc/storm/storm-0.8.2/lib/log4j-1.2.16.jar:/home/dc/storm/storm-0.8.2/lib/tools.logging-0.2.3.jar:/home/dc/storm/storm-0.8.2/lib/httpclient-4.1.1.jar:/home/dc/storm/storm-0.8.2/lib/joda-time-2.0.jar:/home/dc/storm/storm-0.8.2/lib/ring-core-1.1.5.jar:/home/dc/storm/storm-0.8.2/lib/disruptor-2.10.1.jar:/home/dc/storm/storm-0.8.2/log4j:/home/dc/storm/storm-0.8.2/conf:/home/dc/storm/storm-0.8.2/supervisor/stormdist/TestPerf1-1-1360812041/stormjar.jar
2013-02-13 19:44:18 ZooKeeperServer [INFO] Server environment:java.library.path=/usr/local/lib:/opt/local/lib:/usr/lib:/home/dc/storm/storm-0.8.2/lib:/usr/lib64
2013-02-13 19:44:18 ZooKeeperServer [INFO] Server environment:java.io.tmpdir=/tmp
2013-02-13 19:44:18 ZooKeeperServer [INFO] Server environment:java.compiler=<NA>
2013-02-13 19:44:18 ZooKeeperServer [INFO] Server environment:os.name=Linux
2013-02-13 19:44:18 ZooKeeperServer [INFO] Server environment:os.arch=amd64
2013-02-13 19:44:18 ZooKeeperServer [INFO] Server environment:os.version=2.6.32-279.19.1.el6.x86_64
2013-02-13 19:44:18 ZooKeeperServer [INFO] Server environment:user.name=dc
2013-02-13 19:44:18 ZooKeeperServer [INFO] Server environment:user.home=/home/dc
2013-02-13 19:44:18 ZooKeeperServer [INFO] Server environment:user.dir=/home/dc/storm
2013-02-13 19:44:20 worker [INFO] Launching worker for TestPerf1-1-1360812041 on 257b9c14-71de-427a-9605-54fd5540e097:6700 with id 8431d3ac-01b8-48da-a4a6-f695b035edd9 and conf {"dev.zookeeper.path" "/tmp/dev-storm-zookeeper", "topology.tick.tuple.freq.secs" nil, "topology.fall.back.on.java.serialization" true, "topology.max.error.report.per.interval" 5, "zmq.linger.millis" 5000, "topology.skip.missing.kryo.registrations" false, "ui.childopts" "-Xmx768m", "storm.zookeeper.session.timeout" 20000, "nimbus.reassign" true, "topology.trident.batch.emit.interval.millis" 500, "nimbus.monitor.freq.secs" 10, "java.library.path" "/usr/local/lib:/opt/local/lib:/usr/lib:/home/dc/storm/storm-0.8.2/lib:/usr/lib64", "topology.executor.send.buffer.size" 1024, "storm.local.dir" "/home/dc/storm/storm-0.8.2", "supervisor.worker.start.timeout.secs" 120, "topology.enable.message.timeouts" true, "nimbus.cleanup.inbox.freq.secs" 600, "nimbus.inbox.jar.expiration.secs" 3600, "drpc.worker.threads" 64, "topology.worker.shared.thread.pool.size" 4, "nimbus.host" "storm0", "storm.zookeeper.port" 2181, "transactional.zookeeper.port" nil, "topology.executor.receive.buffer.size" 1024, "transactional.zookeeper.servers" nil, "storm.zookeeper.root" "/storm", "supervisor.enable" true, "storm.zookeeper.servers" ["storm0"], "transactional.zookeeper.root" "/transactional", "topology.acker.executors" 1, "topology.transfer.buffer.size" 1024, "topology.worker.childopts" nil, "drpc.queue.size" 128, "worker.childopts" "-Xmx768m", "supervisor.heartbeat.frequency.secs" 5, "topology.error.throttle.interval.secs" 10, "zmq.hwm" 0, "drpc.port" 3772, "supervisor.monitor.frequency.secs" 3, "topology.receiver.buffer.size" 8, "task.heartbeat.frequency.secs" 3, "topology.tasks" nil, "topology.spout.wait.strategy" "backtype.storm.spout.SleepSpoutWaitStrategy", "topology.max.spout.pending" nil, "storm.zookeeper.retry.interval" 1000, "topology.sleep.spout.wait.strategy.time.ms" 1, "nimbus.topology.validator" "backtype.storm.nimbus.DefaultTopologyValidator", "supervisor.slots.ports" [6700 6701 6702 6703 6704], "topology.debug" false, "nimbus.task.launch.secs" 120, "nimbus.supervisor.timeout.secs" 60, "topology.message.timeout.secs" 30, "task.refresh.poll.secs" 10, "topology.workers" 1, "supervisor.childopts" "-Xmx256m", "nimbus.thrift.port" 6627, "topology.stats.sample.rate" 0.05, "worker.heartbeat.frequency.secs" 1, "topology.acker.tasks" nil, "topology.disruptor.wait.strategy" "com.lmax.disruptor.BlockingWaitStrategy", "nimbus.task.timeout.secs" 30, "storm.zookeeper.connection.timeout" 15000, "topology.kryo.factory" "backtype.storm.serialization.DefaultKryoFactory", "drpc.invocations.port" 3773, "zmq.threads" 1, "storm.zookeeper.retry.times" 5, "topology.state.synchronization.timeout.secs" 60, "supervisor.worker.timeout.secs" 30, "nimbus.file.copy.expiration.secs" 600, "drpc.request.timeout.secs" 600, "storm.local.mode.zmq" false, "ui.port" 8080, "nimbus.childopts" "-Xmx1024m", "storm.cluster.mode" "distributed", "topology.optimize" true, "topology.max.task.parallelism" nil}
2013-02-13 19:44:20 CuratorFrameworkImpl [INFO] Starting
2013-02-13 19:44:20 ZooKeeper [INFO] Initiating client connection, connectString=storm0:2181 sessionTimeout=20000 watcher=com.netflix.curator.ConnectionState@7eb9132a
2013-02-13 19:44:20 ClientCnxn [INFO] Opening socket connection to server storm0/192.168.1.67:2181
2013-02-13 19:44:20 ClientCnxn [INFO] Socket connection established to storm0/192.168.1.67:2181, initiating session
2013-02-13 19:44:20 ClientCnxn [INFO] Session establishment complete on server storm0/192.168.1.67:2181, sessionid = 0x13cd6cc93a0000b, negotiated timeout = 20000
2013-02-13 19:44:20 zookeeper [INFO] Zookeeper state update: :connected:none
2013-02-13 19:44:20 ZooKeeper [INFO] Session: 0x13cd6cc93a0000b closed
2013-02-13 19:44:20 ClientCnxn [INFO] EventThread shut down
2013-02-13 19:44:20 CuratorFrameworkImpl [INFO] Starting
2013-02-13 19:44:20 ZooKeeper [INFO] Initiating client connection, connectString=storm0:2181/storm sessionTimeout=20000 watcher=com.netflix.curator.ConnectionState@a25ef73
2013-02-13 19:44:20 ClientCnxn [INFO] Opening socket connection to server storm0/192.168.1.67:2181
2013-02-13 19:44:20 ClientCnxn [INFO] Socket connection established to storm0/192.168.1.67:2181, initiating session
2013-02-13 19:44:20 ClientCnxn [INFO] Session establishment complete on server storm0/192.168.1.67:2181, sessionid = 0x13cd6cc93a0000d, negotiated timeout = 20000
2013-02-13 19:44:21 executor [INFO] Loading executor spout:[15 15]
2013-02-13 19:44:22 executor [INFO] Loaded executor tasks spout:[15 15]
2013-02-13 19:44:22 executor [INFO] Finished loading executor spout:[15 15]
2013-02-13 19:44:22 executor [INFO] Loading executor bolt:[9 10]
2013-02-13 19:44:22 executor [INFO] Loaded executor tasks bolt:[9 10]
2013-02-13 19:44:22 executor [INFO] Opening spout spout:(15)
2013-02-13 19:44:22 executor [INFO] Opened spout spout:(15)
2013-02-13 19:44:22 executor [INFO] Activating spout spout:(15)
2013-02-13 19:44:22 executor [INFO] Finished loading executor bolt:[9 10]
2013-02-13 19:44:22 worker [INFO] Launching receive-thread for 257b9c14-71de-427a-9605-54fd5540e097:6700
2013-02-13 19:44:22 executor [INFO] Preparing bolt bolt:(9 10)
2013-02-13 19:44:22 executor [INFO] Prepared bolt bolt:(9 10)
2013-02-13 19:44:22 worker [INFO] Worker has topology config {"storm.id" "TestPerf1-1-1360812041", "dev.zookeeper.path" "/tmp/dev-storm-zookeeper", "topology.tick.tuple.freq.secs" nil, "topology.fall.back.on.java.serialization" true, "topology.max.error.report.per.interval" 5, "zmq.linger.millis" 5000, "topology.skip.missing.kryo.registrations" false, "ui.childopts" "-Xmx768m", "storm.zookeeper.session.timeout" 20000, "nimbus.reassign" true, "topology.trident.batch.emit.interval.millis" 500, "nimbus.monitor.freq.secs" 10, "java.library.path" "/usr/local/lib:/opt/local/lib:/usr/lib:/home/dc/storm/storm-0.8.2/lib:/usr/lib64", "topology.executor.send.buffer.size" 1024, "storm.local.dir" "/home/dc/storm/storm-0.8.2", "supervisor.worker.start.timeout.secs" 120, "topology.enable.message.timeouts" true, "nimbus.cleanup.inbox.freq.secs" 600, "nimbus.inbox.jar.expiration.secs" 3600, "drpc.worker.threads" 64, "topology.worker.shared.thread.pool.size" 4, "nimbus.host" "storm0", "storm.zookeeper.port" 2181, "transactional.zookeeper.port" nil, "topology.executor.receive.buffer.size" 1024, "transactional.zookeeper.servers" nil, "storm.zookeeper.root" "/storm", "supervisor.enable" true, "storm.zookeeper.servers" ["storm0"], "transactional.zookeeper.root" "/transactional", "topology.acker.executors" 0, "topology.kryo.decorators" (), "topology.name" "TestPerf1", "topology.transfer.buffer.size" 1024, "topology.worker.childopts" nil, "drpc.queue.size" 128, "worker.childopts" "-Xmx768m", "supervisor.heartbeat.frequency.secs" 5, "topology.error.throttle.interval.secs" 10, "zmq.hwm" 0, "drpc.port" 3772, "supervisor.monitor.frequency.secs" 3, "topology.receiver.buffer.size" 8, "task.heartbeat.frequency.secs" 3, "topology.tasks" nil, "topology.spout.wait.strategy" "backtype.storm.spout.SleepSpoutWaitStrategy", "topology.max.spout.pending" nil, "storm.zookeeper.retry.interval" 1000, "topology.sleep.spout.wait.strategy.time.ms" 1, "nimbus.topology.validator" "backtype.storm.nimbus.DefaultTopologyValidator", "supervisor.slots.ports" [6700 6701 6702 6703 6704], "topology.debug" false, "nimbus.task.launch.secs" 120, "nimbus.supervisor.timeout.secs" 60, "topology.kryo.register" nil, "topology.message.timeout.secs" 30, "task.refresh.poll.secs" 10, "topology.workers" 10, "supervisor.childopts" "-Xmx256m", "nimbus.thrift.port" 6627, "topology.stats.sample.rate" 0.05, "worker.heartbeat.frequency.secs" 1, "topology.acker.tasks" nil, "topology.disruptor.wait.strategy" "com.lmax.disruptor.BlockingWaitStrategy", "nimbus.task.timeout.secs" 30, "storm.zookeeper.connection.timeout" 15000, "topology.kryo.factory" "backtype.storm.serialization.DefaultKryoFactory", "drpc.invocations.port" 3773, "zmq.threads" 1, "storm.zookeeper.retry.times" 5, "topology.state.synchronization.timeout.secs" 60, "supervisor.worker.timeout.secs" 30, "nimbus.file.copy.expiration.secs" 600, "drpc.request.timeout.secs" 600, "storm.local.mode.zmq" false, "ui.port" 8080, "nimbus.childopts" "-Xmx1024m", "storm.cluster.mode" "distributed", "topology.optimize" true, "topology.max.task.parallelism" nil}
2013-02-13 19:44:22 worker [INFO] Worker 8431d3ac-01b8-48da-a4a6-f695b035edd9 for storm TestPerf1-1-1360812041 on 257b9c14-71de-427a-9605-54fd5540e097:6700 has finished loading
2013-02-13 19:44:22 STDIO [INFO] 00:01  INFO: elapsed time:433 ms
